测速日志 2026-05-29 12:49:31
速度阈值: 50KB/s
去重功能: 已启用
[2026-05-29 12:49:35] ⚠️ 仅读取 0.4KB 数据: http://61.136.172.236:9901/tsfile/live/0001_1.m3u8
[2026-05-29 12:49:35] ✅ 测速成功: http://61.136.172.236:9901/tsfile/live/0001_1.m3u8
   速度: 418.95KB/s > 50KB/s | 数据量: 0.4KB | 总耗时: 0.55s
[2026-05-29 12:49:36] ⚠️ 仅读取 0.2KB 数据: http://112.27.235.94:8000/hls/2/index.m3u8
[2026-05-29 12:49:36] ✅ 测速成功: http://112.27.235.94:8000/hls/2/index.m3u8
   速度: 240.23KB/s > 50KB/s | 数据量: 0.2KB | 总耗时: 0.41s
[2026-05-29 12:49:36] ⚠️ 仅读取 0.2KB 数据: http://112.46.85.60:8009/hls/502/index.m3u8
[2026-05-29 12:49:36] ✅ 测速成功: http://112.46.85.60:8009/hls/502/index.m3u8
   速度: 228.52KB/s > 50KB/s | 数据量: 0.2KB | 总耗时: 0.53s
[2026-05-29 12:49:37] ⚠️ 仅读取 0.2KB 数据: https://global.cgtn.cicc.media.caton.cloud/master/cgtn-america.m3u8
[2026-05-29 12:49:37] ✅ 测速成功: https://global.cgtn.cicc.media.caton.cloud/master/cgtn-america.m3u8
   速度: 221.68KB/s > 50KB/s | 数据量: 0.2KB | 总耗时: 0.38s
[2026-05-29 12:49:42] ❌ 测速失败: http://101.66.199.101:9901/tsfile/live/0007_1.m3u8?key=txiptv&playlive=0&authid=0
   错误: HTTPConnectionPool(host='101.66.199.101', port=9901): Read timed out. (read timeout=5) | 域名: 101.66.199.101:9901
[2026-05-29 12:49:43] ⚠️ 仅读取 0.3KB 数据: http://ali-m-l.cztv.com/channels/lantian/channel21/1080p.m3u8
[2026-05-29 12:49:43] ✅ 测速成功: http://ali-m-l.cztv.com/channels/lantian/channel21/1080p.m3u8
   速度: 291.99KB/s > 50KB/s | 数据量: 0.3KB | 总耗时: 1.30s
[2026-05-29 12:49:44] ⚠️ 仅读取 0.1KB 数据: https://epg.pw/stream/25677ac2e8c1f7c3dd6359c43eb5f0f54efb3f5c11f9dda18d01b3e0308ed017.m3u8
[2026-05-29 12:49:44] ✅ 测速成功: https://epg.pw/stream/25677ac2e8c1f7c3dd6359c43eb5f0f54efb3f5c11f9dda18d01b3e0308ed017.m3u8
   速度: 124.02KB/s > 50KB/s | 数据量: 0.1KB | 总耗时: 0.20s
[2026-05-29 12:49:45] ⚠️ 仅读取 0.4KB 数据: http://english-livetx.cgtn.com/hls/yypdyyctzb_hd.m3u8
[2026-05-29 12:49:45] ✅ 测速成功: http://english-livetx.cgtn.com/hls/yypdyyctzb_hd.m3u8
   速度: 402.34KB/s > 50KB/s | 数据量: 0.4KB | 总耗时: 1.11s
[2026-05-29 12:49:45] ⚠️ 仅读取 0.1KB 数据: https://0472.org/hls/cgtn.m3u8
[2026-05-29 12:49:45] ✅ 测速成功: https://0472.org/hls/cgtn.m3u8
   速度: 125.98KB/s > 50KB/s | 数据量: 0.1KB | 总耗时: 0.13s
[2026-05-29 12:49:46] ⚠️ 仅读取 0.4KB 数据: http://russian-livews.cgtn.com/hls/LSvexABhNipibK5KRuUkvHZ7220802LSTeze9o8tdFXMHsb1VosgoT220802cd.m3u8
[2026-05-29 12:49:46] ✅ 测速成功: http://russian-livews.cgtn.com/hls/LSvexABhNipibK5KRuUkvHZ7220802LSTeze9o8tdFXMHsb1VosgoT220802cd.m3u8
   速度: 424.80KB/s > 50KB/s | 数据量: 0.4KB | 总耗时: 0.75s
[2026-05-29 12:49:46] ⚠️ 仅读取 0.4KB 数据: http://espanol-liveali.cgtn.com/hls/LSveOGBaBw41Ea7ukkVAUdKQ220802LSTexu6xAuFH8VZNBLE1ZNEa220802cd.m3u8
[2026-05-29 12:49:46] ✅ 测速成功: http://espanol-liveali.cgtn.com/hls/LSveOGBaBw41Ea7ukkVAUdKQ220802LSTexu6xAuFH8VZNBLE1ZNEa220802cd.m3u8
   速度: 428.71KB/s > 50KB/s | 数据量: 0.4KB | 总耗时: 0.62s
[2026-05-29 12:49:48] ⚠️ 仅读取 0.4KB 数据: https://gcwbndali.v.myalicdn.com/gcwbnd/ipanda1000_2/index.m3u8
[2026-05-29 12:49:48] ✅ 测速成功: https://gcwbndali.v.myalicdn.com/gcwbnd/ipanda1000_2/index.m3u8
   速度: 382.81KB/s > 50KB/s | 数据量: 0.4KB | 总耗时: 2.03s
[2026-05-29 12:49:49] ✅ 测速成功: https://vd2.bdstatic.com/mda-sctj0f6r4u1bpebc/1080p/cae_h264/1774706523506678171/mda-sctj0f6r4u1bpebc.mp4
   速度: 48858.38KB/s > 50KB/s | 数据量: 104.0KB | 总耗时: 1.12s
[2026-05-29 12:49:50] ⚠️ 仅读取 0.3KB 数据: http://satellitepull.cnr.cn/live/wxbtv/playlist.m3u8
[2026-05-29 12:49:50] ✅ 测速成功: http://satellitepull.cnr.cn/live/wxbtv/playlist.m3u8
   速度: 253.91KB/s > 50KB/s | 数据量: 0.3KB | 总耗时: 0.31s
[2026-05-29 12:49:50] ⚠️ 仅读取 0.8KB 数据: http://bp-resource-dfl.bestv.cn/148/3/video.m3u8
[2026-05-29 12:49:50] ✅ 测速成功: http://bp-resource-dfl.bestv.cn/148/3/video.m3u8
   速度: 832.03KB/s > 50KB/s | 数据量: 0.8KB | 总耗时: 0.39s
[2026-05-29 12:49:51] ⚠️ 仅读取 0.5KB 数据: http://live.zohi.tv/video/s10001-fztv-3/index.m3u8
[2026-05-29 12:49:51] ✅ 测速成功: http://live.zohi.tv/video/s10001-fztv-3/index.m3u8
   速度: 498.05KB/s > 50KB/s | 数据量: 0.5KB | 总耗时: 1.30s
[2026-05-29 12:49:58] ❌ 测速失败: http://59.39.89.130:60901/tsfile/live/0125_15.m3u8?key=txiptv&playlive=1&authid=0
   错误: HTTPConnectionPool(host='59.39.89.130', port=60901): Read timed out. (read timeout=5) | 域名: 59.39.89.130:60901
[2026-05-29 12:49:58] ⚠️ 仅读取 0.2KB 数据: http://38.64.72.148:80/hls/modn/list/4009/playlist.m3u8
[2026-05-29 12:49:58] ✅ 测速成功: http://38.64.72.148:80/hls/modn/list/4009/playlist.m3u8
   速度: 227.54KB/s > 50KB/s | 数据量: 0.2KB | 总耗时: 0.12s
[2026-05-29 12:50:03] ❌ 测速失败: http://101.66.199.183:9901/tsfile/live/0117_1.m3u8?key=txiptv&playlive=0&authid=0
   错误: HTTPConnectionPool(host='101.66.199.183', port=9901): Read timed out. (read timeout=5) | 域名: 101.66.199.183:9901
[2026-05-29 12:50:03] ⚠️ 仅读取 2.0KB 数据: http://tvpull.dxhmt.cn:9081/tv/11425-1.m3u8
[2026-05-29 12:50:03] ✅ 测速成功: http://tvpull.dxhmt.cn:9081/tv/11425-1.m3u8
   速度: 1971.68KB/s > 50KB/s | 数据量: 2.0KB | 总耗时: 0.23s
[2026-05-29 12:50:04] ⚠️ 仅读取 0.2KB 数据: http://hlsal-ldvt.qing.mgtv.com/nn_live/nn_x64/Y2RuZXhfaWQ9YWxfaGxzX2xkdnQmZT02OTE0NjA0JnY9MSZpZD1ITldTWkdTVCZzPTcwN2RiYTc2YzJjNmJmMTQ4MmUyZGYzOWU2NWM3YWFi/HNWSZGST.m3u8
[2026-05-29 12:50:04] ✅ 测速成功: http://hlsal-ldvt.qing.mgtv.com/nn_live/nn_x64/Y2RuZXhfaWQ9YWxfaGxzX2xkdnQmZT02OTE0NjA0JnY9MSZpZD1ITldTWkdTVCZzPTcwN2RiYTc2YzJjNmJmMTQ4MmUyZGYzOWU2NWM3YWFi/HNWSZGST.m3u8
   速度: 225.59KB/s > 50KB/s | 数据量: 0.2KB | 总耗时: 0.88s
[2026-05-29 12:50:05] ⚠️ 仅读取 0.1KB 数据: http://antvlive.ab5c6921.cdnviet.com/antv/playlist.m3u8
[2026-05-29 12:50:05] ✅ 测速成功: http://antvlive.ab5c6921.cdnviet.com/antv/playlist.m3u8
   速度: 123.05KB/s > 50KB/s | 数据量: 0.1KB | 总耗时: 1.27s
[2026-05-29 12:50:06] ❌ 测速失败: http://58.17.116.69:9903/tsfile/live/0121_2.m3u8?key=txiptv&playlive=0&authid=0
   错误: HTTPConnectionPool(host='58.17.116.69', port=9903): Max retries exceeded with url: /tsfile/live/0121_2.m3u8?key=txiptv&playlive=0&authid=0 (Caused by NewConnectionError("HTTPConnection(host='58.17.116.69', port=9903): Failed to establish a new connection: [Errno 111] Connection refused")) | 域名: 58.17.116.69:9903
[2026-05-29 12:50:06] ⚠️ 仅读取 0.3KB 数据: http://218.84.12.186:8001/hls/main/playlist.m3u8?zxinjd;http://218.84.12.186:8001/hls/main/playlist.m3u8zxinjd
[2026-05-29 12:50:06] ✅ 测速成功: http://218.84.12.186:8001/hls/main/playlist.m3u8?zxinjd;http://218.84.12.186:8001/hls/main/playlist.m3u8zxinjd
   速度: 325.20KB/s > 50KB/s | 数据量: 0.3KB | 总耗时: 0.73s
[2026-05-29 12:50:09] ⚠️ 仅读取 0.3KB 数据: http://l.cztvcloud.com/channels/lantian/SXxinchang2/720p.m3u8
[2026-05-29 12:50:09] ✅ 测速成功: http://l.cztvcloud.com/channels/lantian/SXxinchang2/720p.m3u8
   速度: 284.18KB/s > 50KB/s | 数据量: 0.3KB | 总耗时: 2.45s
[2026-05-29 12:50:11] ⚠️ 仅读取 0.4KB 数据: https://srs.iyb983.cn:443/video/CYS/index.m3u8
[2026-05-29 12:50:11] ✅ 测速成功: https://srs.iyb983.cn:443/video/CYS/index.m3u8
   速度: 449.22KB/s > 50KB/s | 数据量: 0.4KB | 总耗时: 2.52s
[2026-05-29 12:50:12] ⚠️ 仅读取 0.3KB 数据: https://ali-m-l.cztv.com/channels/lantian/channel001/1080p.m3u8
[2026-05-29 12:50:12] ✅ 测速成功: https://ali-m-l.cztv.com/channels/lantian/channel001/1080p.m3u8
   速度: 291.99KB/s > 50KB/s | 数据量: 0.3KB | 总耗时: 0.95s
[2026-05-29 12:50:14] ⚠️ 仅读取 0.3KB 数据: https://liveout.xntv.tv/a65jur/96iln2.m3u8
[2026-05-29 12:50:14] ✅ 测速成功: https://liveout.xntv.tv/a65jur/96iln2.m3u8
   速度: 265.62KB/s > 50KB/s | 数据量: 0.3KB | 总耗时: 1.45s
[2026-05-29 12:50:14] ⚠️ 仅读取 0.1KB 数据: http://222.128.55.152:9080/live/dwq.m3u8
[2026-05-29 12:50:14] ⚠️ 速度不足: http://222.128.55.152:9080/live/dwq.m3u8
   速度: 0.35KB/s <= 50KB/s | 数据量: 0.1KB | 总耗时: 0.75s
[2026-05-29 12:50:16] ⚠️ 仅读取 0.2KB 数据: https://test1.live.sdetv.com.cn/live/dianshizhibo/playlist.m3u8
[2026-05-29 12:50:16] ✅ 测速成功: https://test1.live.sdetv.com.cn/live/dianshizhibo/playlist.m3u8
   速度: 207.03KB/s > 50KB/s | 数据量: 0.2KB | 总耗时: 1.81s
[2026-05-29 12:50:17] ⚠️ 仅读取 0.6KB 数据: https://5ddce30eb4b55.streamlock.net/bltvhd/bltv1/chunklist_w511254805.m3u8
[2026-05-29 12:50:17] ✅ 测速成功: https://5ddce30eb4b55.streamlock.net/bltvhd/bltv1/chunklist_w511254805.m3u8
   速度: 586.91KB/s > 50KB/s | 数据量: 0.6KB | 总耗时: 0.92s
[2026-05-29 12:50:18] ⚠️ 仅读取 0.6KB 数据: http://61.216.67.119:1935/bltvhd/bltv1/chunklist_w1266569526.m3u
[2026-05-29 12:50:18] ⚠️ 速度不足: http://61.216.67.119:1935/bltvhd/bltv1/chunklist_w1266569526.m3u
   速度: 3.13KB/s <= 50KB/s | 数据量: 0.6KB | 总耗时: 0.58s
[2026-05-29 12:50:18] ⚠️ 仅读取 0.8KB 数据: https://bp-resource-dfl.bestv.cn/148/3/video.m3u8
[2026-05-29 12:50:18] ✅ 测速成功: https://bp-resource-dfl.bestv.cn/148/3/video.m3u8
   速度: 832.03KB/s > 50KB/s | 数据量: 0.8KB | 总耗时: 0.42s
[2026-05-29 12:50:21] ⚠️ 仅读取 0.4KB 数据: https://tylive.kan0512.com/norecord/csztv4k_4k.m3u8
[2026-05-29 12:50:21] ✅ 测速成功: https://tylive.kan0512.com/norecord/csztv4k_4k.m3u8
   速度: 377.93KB/s > 50KB/s | 数据量: 0.4KB | 总耗时: 2.59s
[2026-05-29 12:50:23] ⚠️ 仅读取 0.4KB 数据: https://vip.ffzy-play.com/20221018/1953_2d6ba500/index.m3u8
[2026-05-29 12:50:23] ✅ 测速成功: https://vip.ffzy-play.com/20221018/1953_2d6ba500/index.m3u8
   速度: 397.46KB/s > 50KB/s | 数据量: 0.4KB | 总耗时: 2.39s
[2026-05-29 12:50:26] ⚠️ 仅读取 0.4KB 数据: https://vip.ffzy-play7.com/20230112/11082_fde1a94d/index.m3u8
[2026-05-29 12:50:26] ✅ 测速成功: https://vip.ffzy-play7.com/20230112/11082_fde1a94d/index.m3u8
   速度: 397.46KB/s > 50KB/s | 数据量: 0.4KB | 总耗时: 2.82s
[2026-05-29 12:50:27] ⚠️ 仅读取 61.4KB 数据: http://jsmov2.a.yximgs.com/bs3/video-hls/5250634317044855747_hlsb.m3u8
[2026-05-29 12:50:27] ✅ 测速成功: http://jsmov2.a.yximgs.com/bs3/video-hls/5250634317044855747_hlsb.m3u8
   速度: 193.76KB/s > 50KB/s | 数据量: 61.4KB | 总耗时: 1.40s
[2026-05-29 12:50:31] ✅ 测速成功: http://www.goodiptv.club/douyu/74374
   速度: 394.83KB/s > 50KB/s | 数据量: 104.0KB | 总耗时: 3.29s
[2026-05-29 12:50:36] ⚠️ 仅读取 0.2KB 数据: http://hls.nntv.cn/nnlive/YSYL_244.m3u8
[2026-05-29 12:50:36] ✅ 测速成功: http://hls.nntv.cn/nnlive/YSYL_244.m3u8
   速度: 232.42KB/s > 50KB/s | 数据量: 0.2KB | 总耗时: 5.66s
[2026-05-29 12:50:37] ⚠️ 仅读取 0.4KB 数据: http://stream.hrbtv.net/yspd/sd/live.m3u8?zheild
[2026-05-29 12:50:37] ✅ 测速成功: http://stream.hrbtv.net/yspd/sd/live.m3u8?zheild
   速度: 355.47KB/s > 50KB/s | 数据量: 0.4KB | 总耗时: 0.81s
[2026-05-29 12:50:40] ⚠️ 仅读取 0.4KB 数据: https://vip.ffzy-play6.com/20221019/157_bf0740ee/index.m3u8
[2026-05-29 12:50:40] ✅ 测速成功: https://vip.ffzy-play6.com/20221019/157_bf0740ee/index.m3u8
   速度: 397.46KB/s > 50KB/s | 数据量: 0.4KB | 总耗时: 2.47s
[2026-05-29 12:50:43] ⚠️ 仅读取 0.4KB 数据: https://vip.ffzy-play1.com/20221018/478_c3afed66/index.m3u8
[2026-05-29 12:50:43] ✅ 测速成功: https://vip.ffzy-play1.com/20221018/478_c3afed66/index.m3u8
   速度: 397.46KB/s > 50KB/s | 数据量: 0.4KB | 总耗时: 2.92s
[2026-05-29 12:50:45] ⚠️ 仅读取 0.4KB 数据: https://vip.ffzy-online.com/20221015/719_80ff87c2/index.m3u8
[2026-05-29 12:50:45] ✅ 测速成功: https://vip.ffzy-online.com/20221015/719_80ff87c2/index.m3u8
   速度: 397.46KB/s > 50KB/s | 数据量: 0.4KB | 总耗时: 2.25s
[2026-05-29 12:50:46] ⚠️ 仅读取 0.3KB 数据: http://ali-vl.cztv.com/channels/lantian/channel004/360p.m3u8
[2026-05-29 12:50:46] ✅ 测速成功: http://ali-vl.cztv.com/channels/lantian/channel004/360p.m3u8
   速度: 286.13KB/s > 50KB/s | 数据量: 0.3KB | 总耗时: 0.70s
[2026-05-29 12:50:46] ⚠️ 仅读取 0.3KB 数据: http://ali-xwl.cztv.com/live/channel041080Plxw.m3u8
[2026-05-29 12:50:46] ✅ 测速成功: http://ali-xwl.cztv.com/live/channel041080Plxw.m3u8
   速度: 345.70KB/s > 50KB/s | 数据量: 0.3KB | 总耗时: 0.18s
[2026-05-29 12:50:48] ✅ 测速成功: http://live.metshop.top/huya/21059578?cdn=alicdn
   速度: 5697.07KB/s > 50KB/s | 数据量: 104.0KB | 总耗时: 2.68s
[2026-05-29 12:50:50] ✅ 测速成功: http://zjrtv.vip/live/?tbs=mydy
   速度: 232.18KB/s > 50KB/s | 数据量: 104.0KB | 总耗时: 1.81s
[2026-05-29 12:50:50] ⚠️ 仅读取 0.6KB 数据: https://stream.ads.ottera.tv/playlist.m3u8?network_id=595
[2026-05-29 12:50:50] ✅ 测速成功: https://stream.ads.ottera.tv/playlist.m3u8?network_id=595
   速度: 636.72KB/s > 50KB/s | 数据量: 0.6KB | 总耗时: 0.24s
[2026-05-29 12:50:52] ⚠️ 仅读取 0.3KB 数据: https://tencentplay.gztv.com/live/nanguodushi.m3u8?txSecret=550af55c0ea34ce492748481415b6dfa&txTime=1903e7b17de
[2026-05-29 12:50:52] ✅ 测速成功: https://tencentplay.gztv.com/live/nanguodushi.m3u8?txSecret=550af55c0ea34ce492748481415b6dfa&txTime=1903e7b17de
   速度: 300.78KB/s > 50KB/s | 数据量: 0.3KB | 总耗时: 1.82s
[2026-05-29 12:50:53] ⚠️ 仅读取 0.2KB 数据: http://182.150.115.21:8030/pcgacg/pcgacg_0.m3u8
[2026-05-29 12:50:53] ⚠️ 速度不足: http://182.150.115.21:8030/pcgacg/pcgacg_0.m3u8
   速度: 0.68KB/s <= 50KB/s | 数据量: 0.2KB | 总耗时: 0.83s
[2026-05-29 12:50:54] ✅ 测速成功: https://live.metshop.top/huya/11601966
   速度: 5787.86KB/s > 50KB/s | 数据量: 104.0KB | 总耗时: 0.89s
[2026-05-29 12:50:55] ⚠️ 仅读取 0.6KB 数据: http://nklive.nbs.cn/hls/e0981f3f-1a20-4a59-b8d1-17feb83a4610/index.m3u8
[2026-05-29 12:50:55] ✅ 测速成功: http://nklive.nbs.cn/hls/e0981f3f-1a20-4a59-b8d1-17feb83a4610/index.m3u8
   速度: 559.57KB/s > 50KB/s | 数据量: 0.6KB | 总耗时: 0.55s
[2026-05-29 12:50:56] ⚠️ 仅读取 0.1KB 数据: http://ebsonairios.ebs.co.kr/ebsutablet500k/tablet500k/playlist.m3u8
[2026-05-29 12:50:56] ✅ 测速成功: http://ebsonairios.ebs.co.kr/ebsutablet500k/tablet500k/playlist.m3u8
   速度: 122.07KB/s > 50KB/s | 数据量: 0.1KB | 总耗时: 1.55s
[2026-05-29 12:50:58] ⚠️ 仅读取 0.8KB 数据: https://ls.qingting.fm/live/4972/64k.m3u8
[2026-05-29 12:50:58] ✅ 测速成功: https://ls.qingting.fm/live/4972/64k.m3u8
   速度: 770.51KB/s > 50KB/s | 数据量: 0.8KB | 总耗时: 1.51s
[2026-05-29 12:51:01] ⚠️ 仅读取 0.5KB 数据: http://live.qthnews.org.cn:1935/live/live1/800k/tzwj_video.m3u8
[2026-05-29 12:51:01] ⚠️ 速度不足: http://live.qthnews.org.cn:1935/live/live1/800k/tzwj_video.m3u8
   速度: 1.78KB/s <= 50KB/s | 数据量: 0.5KB | 总耗时: 3.30s
[2026-05-29 12:51:01] ⚠️ 仅读取 0.4KB 数据: http://123.146.162.24:8017/c2F0hmi/1000/live.m3u8
[2026-05-29 12:51:01] ✅ 测速成功: http://123.146.162.24:8017/c2F0hmi/1000/live.m3u8
   速度: 444.34KB/s > 50KB/s | 数据量: 0.4KB | 总耗时: 0.52s
[2026-05-29 12:51:02] ⚠️ 仅读取 0.2KB 数据: http://60.222.246.220:19433/hls1.m3u8
[2026-05-29 12:51:02] ⚠️ 速度不足: http://60.222.246.220:19433/hls1.m3u8
   速度: 0.73KB/s <= 50KB/s | 数据量: 0.2KB | 总耗时: 0.80s
[2026-05-29 12:51:03] ⚠️ 仅读取 0.8KB 数据: http://ls.qingting.fm/live/4885.m3u8
[2026-05-29 12:51:03] ✅ 测速成功: http://ls.qingting.fm/live/4885.m3u8
   速度: 786.13KB/s > 50KB/s | 数据量: 0.8KB | 总耗时: 0.55s
[2026-05-29 12:51:04] ⚠️ 仅读取 0.3KB 数据: https://satellitepull.cnr.cn/live/wx32dycjgb/playlist.m3u8
[2026-05-29 12:51:04] ✅ 测速成功: https://satellitepull.cnr.cn/live/wx32dycjgb/playlist.m3u8
   速度: 317.38KB/s > 50KB/s | 数据量: 0.3KB | 总耗时: 1.29s
[2026-05-29 12:51:07] ⚠️ 仅读取 0.4KB 数据: https://stream.sun0769.com/dgrtv1/mp4tv1_800/index.m3u8
[2026-05-29 12:51:07] ✅ 测速成功: https://stream.sun0769.com/dgrtv1/mp4tv1_800/index.m3u8
   速度: 369.14KB/s > 50KB/s | 数据量: 0.4KB | 总耗时: 3.43s
[2026-05-29 12:51:09] ⚠️ 仅读取 0.4KB 数据: http://stream10.jlntv.cn/jiutaitv/sd/live.m3u8
[2026-05-29 12:51:09] ✅ 测速成功: http://stream10.jlntv.cn/jiutaitv/sd/live.m3u8
   速度: 375.00KB/s > 50KB/s | 数据量: 0.4KB | 总耗时: 1.13s
[2026-05-29 12:51:15] ⚠️ 仅读取 0.3KB 数据: https://hwapi.yntv.net/62hdvf/rjwt14.m3u8
[2026-05-29 12:51:15] ✅ 测速成功: https://hwapi.yntv.net/62hdvf/rjwt14.m3u8
   速度: 266.60KB/s > 50KB/s | 数据量: 0.3KB | 总耗时: 6.75s
[2026-05-29 12:51:16] ⚠️ 仅读取 0.2KB 数据: http://live.zzyxxw.com:85/live/xwzh.m3u8
[2026-05-29 12:51:16] ⚠️ 速度不足: http://live.zzyxxw.com:85/live/xwzh.m3u8
   速度: 0.91KB/s <= 50KB/s | 数据量: 0.2KB | 总耗时: 1.10s
[2026-05-29 12:51:19] ⚠️ 仅读取 0.3KB 数据: http://tvfile.jyrmt.cn/nmip-media/channellive/channel104452/playlist.m3u8
[2026-05-29 12:51:19] ✅ 测速成功: http://tvfile.jyrmt.cn/nmip-media/channellive/channel104452/playlist.m3u8
   速度: 259.77KB/s > 50KB/s | 数据量: 0.3KB | 总耗时: 2.12s
[2026-05-29 12:51:20] ⚠️ 仅读取 0.2KB 数据: http://zbbf2.ahbztv.com/live/418.m3u8?zanhd
[2026-05-29 12:51:20] ✅ 测速成功: http://zbbf2.ahbztv.com/live/418.m3u8?zanhd
   速度: 247.07KB/s > 50KB/s | 数据量: 0.2KB | 总耗时: 1.02s
[2026-05-29 12:51:22] ⚠️ 仅读取 0.8KB 数据: https://play.scrstv.com.cn/DT/live.m3u8?auth_key=60001724663204-0-0-c1cc4ded9841ac34f63cdbd3aec647ef
[2026-05-29 12:51:22] ✅ 测速成功: https://play.scrstv.com.cn/DT/live.m3u8?auth_key=60001724663204-0-0-c1cc4ded9841ac34f63cdbd3aec647ef
   速度: 760.74KB/s > 50KB/s | 数据量: 0.8KB | 总耗时: 2.43s
[2026-05-29 12:51:24] ⚠️ 仅读取 0.5KB 数据: https://jwcdnqx.hebyun.com.cn/live/rqtv1/1500k/tzwj_video.m3u8
[2026-05-29 12:51:24] ⚠️ 速度不足: https://jwcdnqx.hebyun.com.cn/live/rqtv1/1500k/tzwj_video.m3u8
   速度: 4.96KB/s <= 50KB/s | 数据量: 0.5KB | 总耗时: 1.62s
[2026-05-29 12:51:26] ⚠️ 仅读取 0.1KB 数据: http://110.153.180.106:55555/out_3/index.m3u8
[2026-05-29 12:51:26] ✅ 测速成功: http://110.153.180.106:55555/out_3/index.m3u8
   速度: 79.10KB/s > 50KB/s | 数据量: 0.1KB | 总耗时: 2.44s
[2026-05-29 12:51:28] ⚠️ 仅读取 0.3KB 数据: https://l.cztvcloud.com/channels/lantian/SXyuyao3/720p.m3u8
[2026-05-29 12:51:28] ✅ 测速成功: https://l.cztvcloud.com/channels/lantian/SXyuyao3/720p.m3u8
   速度: 292.97KB/s > 50KB/s | 数据量: 0.3KB | 总耗时: 1.67s
[2026-05-29 12:51:34] ⚠️ 仅读取 0.0KB 数据: http://liveout.btzx.com.cn/62ds9e/yil08g.m3u8
[2026-05-29 12:51:34] ⚠️ 速度不足: http://liveout.btzx.com.cn/62ds9e/yil08g.m3u8
   速度: 35.16KB/s <= 50KB/s | 数据量: 0.0KB | 总耗时: 6.34s
[2026-05-29 12:51:38] ⚠️ 仅读取 0.3KB 数据: https://m3u8.channel.dzsm.com/nmip-media/channellive/channel105549/playlist.m3u8
[2026-05-29 12:51:38] ✅ 测速成功: https://m3u8.channel.dzsm.com/nmip-media/channellive/channel105549/playlist.m3u8
   速度: 271.48KB/s > 50KB/s | 数据量: 0.3KB | 总耗时: 3.62s
[2026-05-29 12:51:39] ⚠️ 仅读取 0.3KB 数据: http://tencentplay.gztv.com/live/nanguodushi.m3u8?txSecret=140110ae3d6c936a77f94c4f4d85b0d3&txTime=18d57929bd4
[2026-05-29 12:51:39] ✅ 测速成功: http://tencentplay.gztv.com/live/nanguodushi.m3u8?txSecret=140110ae3d6c936a77f94c4f4d85b0d3&txTime=18d57929bd4
   速度: 300.78KB/s > 50KB/s | 数据量: 0.3KB | 总耗时: 0.96s
[2026-05-29 12:51:41] ⚠️ 仅读取 0.3KB 数据: http://615bbf179ba53515dccad7b1da5d1ad9.livehwc3.cn/hls.nntv.cn/nnlive/WLSH_24.m3u8?sub_m3u8=true&edge_slice=true&user_session_id=2598844eaee8a4265e706fc14b3fc11d
[2026-05-29 12:51:41] ✅ 测速成功: http://615bbf179ba53515dccad7b1da5d1ad9.livehwc3.cn/hls.nntv.cn/nnlive/WLSH_24.m3u8?sub_m3u8=true&edge_slice=true&user_session_id=2598844eaee8a4265e706fc14b3fc11d
   速度: 264.65KB/s > 50KB/s | 数据量: 0.3KB | 总耗时: 2.09s
[2026-05-29 12:51:42] ⚠️ 仅读取 0.2KB 数据: https://l2fpdktp.live.sxmty.com/live/hls/e4c3b363cc4549788e2d983f403e07db/d99ce1eb686e41b9afc888110bd95aa7.m3u8?zshanxd
[2026-05-29 12:51:42] ✅ 测速成功: https://l2fpdktp.live.sxmty.com/live/hls/e4c3b363cc4549788e2d983f403e07db/d99ce1eb686e41b9afc888110bd95aa7.m3u8?zshanxd
   速度: 160.16KB/s > 50KB/s | 数据量: 0.2KB | 总耗时: 1.62s
[2026-05-29 12:51:48] ⚠️ 仅读取 0.2KB 数据: http://jrlive.jrntv.com/live/_definst_/dangjians/playlist.m3u8?%E5%85%B3%E6%B3%A8%E5%BE%AE%E4%BF%A1%E5%85%AC%E4%BC%97%E5%8F%B7[%E6%99%B4%E5%9B%AD]
[2026-05-29 12:51:48] ⚠️ 速度不足: http://jrlive.jrntv.com/live/_definst_/dangjians/playlist.m3u8?%E5%85%B3%E6%B3%A8%E5%BE%AE%E4%BF%A1%E5%85%AC%E4%BC%97%E5%8F%B7[%E6%99%B4%E5%9B%AD]
   速度: 14.48KB/s <= 50KB/s | 数据量: 0.2KB | 总耗时: 5.57s
[2026-05-29 12:51:53] ⚠️ 仅读取 0.3KB 数据: http://file.loulannews.cn/nmip-media/channellive/channel103824/playlist.m3u8
[2026-05-29 12:51:53] ✅ 测速成功: http://file.loulannews.cn/nmip-media/channellive/channel103824/playlist.m3u8
   速度: 271.48KB/s > 50KB/s | 数据量: 0.3KB | 总耗时: 5.51s
[2026-05-29 12:51:55] ⚠️ 仅读取 0.3KB 数据: https://m3u8channel-bx.yunxya.com/nmip-media/channellive/channel104666/playlist.m3u8
[2026-05-29 12:51:55] ✅ 测速成功: https://m3u8channel-bx.yunxya.com/nmip-media/channellive/channel104666/playlist.m3u8
   速度: 271.48KB/s > 50KB/s | 数据量: 0.3KB | 总耗时: 1.89s
[2026-05-29 12:51:57] ⚠️ 仅读取 0.4KB 数据: https://stream.hrbtv.net/ylpd/sd/live.m3u8
[2026-05-29 12:51:57] ✅ 测速成功: https://stream.hrbtv.net/ylpd/sd/live.m3u8
   速度: 370.12KB/s > 50KB/s | 数据量: 0.4KB | 总耗时: 1.22s
[2026-05-29 12:51:57] ⚠️ 仅读取 0.2KB 数据: http://111.43.126.240:9003/hls/3/index.m3u8
[2026-05-29 12:51:57] ✅ 测速成功: http://111.43.126.240:9003/hls/3/index.m3u8
   速度: 157.23KB/s > 50KB/s | 数据量: 0.2KB | 总耗时: 0.55s
[2026-05-29 12:51:59] ⚠️ 仅读取 0.2KB 数据: http://play.kankanlive.com/live/1720583434627241.m3u8
[2026-05-29 12:51:59] ✅ 测速成功: http://play.kankanlive.com/live/1720583434627241.m3u8
   速度: 249.02KB/s > 50KB/s | 数据量: 0.2KB | 总耗时: 1.43s
[2026-05-29 12:51:59] ⚠️ 仅读取 0.2KB 数据: http://www.guzhenm.com:7001/hls/hd-live.m3u8?%E5%85%B3%E6%B3%A8%E5%BE%AE%E4%BF%A1%E5%85%AC%E4%BC%97%E5%8F%B7[%E6%99%B4%E5%9B%AD]
[2026-05-29 12:51:59] ✅ 测速成功: http://www.guzhenm.com:7001/hls/hd-live.m3u8?%E5%85%B3%E6%B3%A8%E5%BE%AE%E4%BF%A1%E5%85%AC%E4%BC%97%E5%8F%B7[%E6%99%B4%E5%9B%AD]
   速度: 178.71KB/s > 50KB/s | 数据量: 0.2KB | 总耗时: 0.82s
[2026-05-29 12:52:02] ⚠️ 仅读取 0.1KB 数据: http://live.daningtv.com/aac_dngb/playlist.m3u8
[2026-05-29 12:52:02] ✅ 测速成功: http://live.daningtv.com/aac_dngb/playlist.m3u8
   速度: 67.38KB/s > 50KB/s | 数据量: 0.1KB | 总耗时: 2.22s
[2026-05-29 12:52:03] ⚠️ 仅读取 0.7KB 数据: https://p2.vzan.com/slowlive/596867413819827251/live.m3u8?zbid=1725814272&amp;amp;tpid=1516989100&amp;amp;type=0
[2026-05-29 12:52:03] ✅ 测速成功: https://p2.vzan.com/slowlive/596867413819827251/live.m3u8?zbid=1725814272&amp;amp;tpid=1516989100&amp;amp;type=0
   速度: 684.57KB/s > 50KB/s | 数据量: 0.7KB | 总耗时: 1.30s
[2026-05-29 12:52:07] ❌ 测速失败: http://tvfile.jjrm.org.cn/nmip-media/channellive/channel106282/playlist.m3u8?zsicd
   错误: HTTPConnectionPool(host='tvfile.jjrm.org.cn', port=80): Max retries exceeded with url: /nmip-media/channellive/channel106282/playlist.m3u8?zsicd (Caused by ConnectTimeoutError(<HTTPConnection(host='tvfile.jjrm.org.cn', port=80) at 0x7fa4d837a670>, 'Connection to tvfile.jjrm.org.cn timed out. (connect timeout=3.05)')) | 域名: tvfile.jjrm.org.cn:80
[2026-05-29 12:52:07] ⚠️ 仅读取 0.2KB 数据: http://dspdhls.appcoo.com:8888/live/dspd/index.m3u8
[2026-05-29 12:52:07] ✅ 测速成功: http://dspdhls.appcoo.com:8888/live/dspd/index.m3u8
   速度: 155.27KB/s > 50KB/s | 数据量: 0.2KB | 总耗时: 0.63s
[2026-05-29 12:52:09] ⚠️ 仅读取 0.4KB 数据: http://lbyzztfe.live.sxmty.com/live/hls/645ff4c60e0a49f0a203abbd73dd8be9/0720e665f10f48e98c9639f4f492fb4a-1.m3u8?zshanxd
[2026-05-29 12:52:09] ✅ 测速成功: http://lbyzztfe.live.sxmty.com/live/hls/645ff4c60e0a49f0a203abbd73dd8be9/0720e665f10f48e98c9639f4f492fb4a-1.m3u8?zshanxd
   速度: 437.50KB/s > 50KB/s | 数据量: 0.4KB | 总耗时: 2.13s
[2026-05-29 12:52:10] ⚠️ 仅读取 0.3KB 数据: http://yixing-tv-ori-hls.jstv.com/yixing-tv-ori/yixing_xw.m3u8
[2026-05-29 12:52:10] ✅ 测速成功: http://yixing-tv-ori-hls.jstv.com/yixing-tv-ori/yixing_xw.m3u8
   速度: 257.81KB/s > 50KB/s | 数据量: 0.3KB | 总耗时: 0.39s
[2026-05-29 12:52:11] ⚠️ 仅读取 1.0KB 数据: http://play-sh13.quklive.com/live/1690167908295069.m3u8?auth_key=2027466211-f190eec410c24473825cbe1d8541e545-0-f21db57ae1b534802c1cf7be86cc3aef
[2026-05-29 12:52:11] ✅ 测速成功: http://play-sh13.quklive.com/live/1690167908295069.m3u8?auth_key=2027466211-f190eec410c24473825cbe1d8541e545-0-f21db57ae1b534802c1cf7be86cc3aef
   速度: 1014.65KB/s > 50KB/s | 数据量: 1.0KB | 总耗时: 0.85s
[2026-05-29 12:52:17] ⚠️ 仅读取 0.3KB 数据: https://live.gdtv.ah.cn/live/newsTV.m3u8
[2026-05-29 12:52:17] ✅ 测速成功: https://live.gdtv.ah.cn/live/newsTV.m3u8
   速度: 333.98KB/s > 50KB/s | 数据量: 0.3KB | 总耗时: 6.31s
[2026-05-29 12:52:17] ⚠️ 仅读取 0.2KB 数据: https://hlscdn.liangtv.cn/live/0234c48e0bc24fe1b41b9999a253e581/1075ee38e04f490690f6a36a16e09c79.m3u8
[2026-05-29 12:52:17] ✅ 测速成功: https://hlscdn.liangtv.cn/live/0234c48e0bc24fe1b41b9999a253e581/1075ee38e04f490690f6a36a16e09c79.m3u8
   速度: 179.69KB/s > 50KB/s | 数据量: 0.2KB | 总耗时: 0.45s
[2026-05-29 12:52:19] ⚠️ 仅读取 0.1KB 数据: http://stream5.jlntv.cn/wq/playlist.m3u8
[2026-05-29 12:52:19] ✅ 测速成功: http://stream5.jlntv.cn/wq/playlist.m3u8
   速度: 91.80KB/s > 50KB/s | 数据量: 0.1KB | 总耗时: 1.75s
[2026-05-29 12:52:20] ⚠️ 仅读取 0.2KB 数据: https://play.kankanlive.com/live/1720583434627241.m3u8
[2026-05-29 12:52:20] ✅ 测速成功: https://play.kankanlive.com/live/1720583434627241.m3u8
   速度: 250.00KB/s > 50KB/s | 数据量: 0.2KB | 总耗时: 1.07s
[2026-05-29 12:52:21] ⚠️ 仅读取 0.4KB 数据: http://stream11.jlntv.cn/dehuitv/sd/live.m3u8
[2026-05-29 12:52:21] ✅ 测速成功: http://stream11.jlntv.cn/dehuitv/sd/live.m3u8
   速度: 370.12KB/s > 50KB/s | 数据量: 0.4KB | 总耗时: 1.01s
[2026-05-29 12:52:24] ⚠️ 仅读取 0.4KB 数据: https://1yp7hc5p.live.sxmty.com/live/hls/bff8529922344209985b6e49baa9555a/efa2543628fc4a7ea93d3d6c975f77dc-1.m3u8
[2026-05-29 12:52:24] ✅ 测速成功: https://1yp7hc5p.live.sxmty.com/live/hls/bff8529922344209985b6e49baa9555a/efa2543628fc4a7ea93d3d6c975f77dc-1.m3u8
   速度: 433.59KB/s > 50KB/s | 数据量: 0.4KB | 总耗时: 2.67s
[2026-05-29 12:52:25] ⚠️ 仅读取 0.1KB 数据: http://stream8.jlntv.cn/dhtv/playlist.m3u8
[2026-05-29 12:52:25] ✅ 测速成功: http://stream8.jlntv.cn/dhtv/playlist.m3u8
   速度: 91.80KB/s > 50KB/s | 数据量: 0.1KB | 总耗时: 1.04s
[2026-05-29 12:52:27] ⚠️ 仅读取 0.4KB 数据: http://live.xysrmt.cn/xwzh/sd/live.m3u8?zjiangsd"
[2026-05-29 12:52:27] ✅ 测速成功: http://live.xysrmt.cn/xwzh/sd/live.m3u8?zjiangsd"
   速度: 371.09KB/s > 50KB/s | 数据量: 0.4KB | 总耗时: 1.98s
[2026-05-29 12:52:29] ⚠️ 仅读取 0.3KB 数据: https://m3u8channel.yunxya.com/nmip-media/channellive/channel100028/playlist.m3u8
[2026-05-29 12:52:29] ✅ 测速成功: https://m3u8channel.yunxya.com/nmip-media/channellive/channel100028/playlist.m3u8
   速度: 271.48KB/s > 50KB/s | 数据量: 0.3KB | 总耗时: 2.48s
[2026-05-29 12:52:34] ⚠️ 仅读取 7.6KB 数据: https://stream.thmz.com/wxtv2/playlist.m3u8
[2026-05-29 12:52:34] ✅ 测速成功: https://stream.thmz.com/wxtv2/playlist.m3u8
   速度: 7550.78KB/s > 50KB/s | 数据量: 7.6KB | 总耗时: 4.14s
[2026-05-29 12:52:34] ⚠️ 仅读取 7.6KB 数据: http://stream.thmz.com/wxtv2/sd/live.m3u8?_upt=acffe97a1704940314
[2026-05-29 12:52:34] ✅ 测速成功: http://stream.thmz.com/wxtv2/sd/live.m3u8?_upt=acffe97a1704940314
   速度: 7550.78KB/s > 50KB/s | 数据量: 7.6KB | 总耗时: 0.81s
[2026-05-29 12:52:35] ⚠️ 仅读取 0.3KB 数据: http://channel.wcrmt.cn:80/nmip-media/channellive/channel105268/playlist.m3u8
[2026-05-29 12:52:35] ✅ 测速成功: http://channel.wcrmt.cn:80/nmip-media/channellive/channel105268/playlist.m3u8
   速度: 265.62KB/s > 50KB/s | 数据量: 0.3KB | 总耗时: 1.05s
[2026-05-29 12:52:37] ⚠️ 仅读取 0.2KB 数据: http://live.spccmc.com:90/live/spxwzh.m3u8?%E5%85%B3%E6%B3%A8%E5%BE%AE%E4%BF%A1%E5%85%AC%E4%BC%97%E5%8F%B7[%E6%99%B4%E5%9B%AD]
[2026-05-29 12:52:37] ⚠️ 速度不足: http://live.spccmc.com:90/live/spxwzh.m3u8?%E5%85%B3%E6%B3%A8%E5%BE%AE%E4%BF%A1%E5%85%AC%E4%BC%97%E5%8F%B7[%E6%99%B4%E5%9B%AD]
   速度: 0.41KB/s <= 50KB/s | 数据量: 0.2KB | 总耗时: 1.24s
[2026-05-29 12:52:39] ⚠️ 仅读取 0.4KB 数据: https://zb-live.ynurl.com/yimen/3b75a2f9-7941-46b7-992d-a9796fbca5fe.m3u8
[2026-05-29 12:52:39] ✅ 测速成功: https://zb-live.ynurl.com/yimen/3b75a2f9-7941-46b7-992d-a9796fbca5fe.m3u8
   速度: 379.88KB/s > 50KB/s | 数据量: 0.4KB | 总耗时: 1.81s
[2026-05-29 12:52:40] ⚠️ 仅读取 0.1KB 数据: http://zb.gxlbamc.com:1935/live/lbzh.stream/playlist.m3u8
[2026-05-29 12:52:40] ⚠️ 速度不足: http://zb.gxlbamc.com:1935/live/lbzh.stream/playlist.m3u8
   速度: 0.52KB/s <= 50KB/s | 数据量: 0.1KB | 总耗时: 1.33s
[2026-05-29 12:52:42] ⚠️ 仅读取 0.3KB 数据: https://dxtx.hntv.tv/live/lypd.m3u8?txSecret=10c771842a0be59e8b575d765173ec96&txTime=7B923E0A&wsSecret=41543190cdf375f1c73207222bb96542&wsTime=1769313549
[2026-05-29 12:52:42] ✅ 测速成功: https://dxtx.hntv.tv/live/lypd.m3u8?txSecret=10c771842a0be59e8b575d765173ec96&txTime=7B923E0A&wsSecret=41543190cdf375f1c73207222bb96542&wsTime=1769313549
   速度: 283.20KB/s > 50KB/s | 数据量: 0.3KB | 总耗时: 1.70s
[2026-05-29 12:52:45] ⚠️ 仅读取 0.2KB 数据: http://uzoiczhh.live.sxmty.com/live/hls/0d41f1480c4042d49927858f01fde707/53130407737b417b9a6259b57246bae3.m3u8?zshanxd
[2026-05-29 12:52:45] ✅ 测速成功: http://uzoiczhh.live.sxmty.com/live/hls/0d41f1480c4042d49927858f01fde707/53130407737b417b9a6259b57246bae3.m3u8?zshanxd
   速度: 178.71KB/s > 50KB/s | 数据量: 0.2KB | 总耗时: 3.21s
[2026-05-29 12:52:46] ⚠️ 仅读取 0.2KB 数据: http://live.iwcmt.cn:90/live/zhxw.m3u8
[2026-05-29 12:52:46] ⚠️ 速度不足: http://live.iwcmt.cn:90/live/zhxw.m3u8
   速度: 1.01KB/s <= 50KB/s | 数据量: 0.2KB | 总耗时: 1.16s
[2026-05-29 12:52:47] ⚠️ 仅读取 0.3KB 数据: http://file.ysxtv.cn/cms/videos/nmip-media/channellive/channel4/playlist.m3u8?zsicd
[2026-05-29 12:52:47] ✅ 测速成功: http://file.ysxtv.cn/cms/videos/nmip-media/channellive/channel4/playlist.m3u8?zsicd
   速度: 265.62KB/s > 50KB/s | 数据量: 0.3KB | 总耗时: 0.89s
[2026-05-29 12:52:52] RTMP检测成功: rtmp://tv.mcrm.org.cn:1935/channellive/tv01
[2026-05-29 12:52:56] ⚠️ 仅读取 0.2KB 数据: https://shuyang-tv-hls.cm.jstv.com:443/shuyang-tv/shuyangzh.m3u8
[2026-05-29 12:52:56] ✅ 测速成功: https://shuyang-tv-hls.cm.jstv.com:443/shuyang-tv/shuyangzh.m3u8
   速度: 160.16KB/s > 50KB/s | 数据量: 0.2KB | 总耗时: 3.72s
[2026-05-29 12:52:58] ⚠️ 仅读取 0.3KB 数据: https://radio.pull.hebtv.com/live/hebnczx.m3u8
[2026-05-29 12:52:58] ✅ 测速成功: https://radio.pull.hebtv.com/live/hebnczx.m3u8
   速度: 339.84KB/s > 50KB/s | 数据量: 0.3KB | 总耗时: 2.41s
[2026-05-29 12:53:02] ❌ 测速失败: http://live1.habctv.com/ggpdsl/sd/live.m3u8?zjiangsd
   错误: HTTPConnectionPool(host='live1.habctv.com', port=80): Max retries exceeded with url: /ggpdsl/sd/live.m3u8?zjiangsd (Caused by ConnectTimeoutError(<HTTPConnection(host='live1.habctv.com', port=80) at 0x7fa4d837aac0>, 'Connection to live1.habctv.com timed out. (connect timeout=3.05)')) | 域名: live1.habctv.com:80
[2026-05-29 12:53:02] ⚠️ 仅读取 0.8KB 数据: http://3739115337.cloudvdn.com/a.m3u8?domain=siyang-tv-hls.cm.jstv.com&player=nwEAAKHdjSKP_58X&secondToken=secondToken%3A5FUijZmDyNMxtCDdne0YzSAwjuw&streamid=siyang-tv%3Asiyang-tv%2Fsiyangzh&v3=1
[2026-05-29 12:53:02] ✅ 测速成功: http://3739115337.cloudvdn.com/a.m3u8?domain=siyang-tv-hls.cm.jstv.com&player=nwEAAKHdjSKP_58X&secondToken=secondToken%3A5FUijZmDyNMxtCDdne0YzSAwjuw&streamid=siyang-tv%3Asiyang-tv%2Fsiyangzh&v3=1
   速度: 755.86KB/s > 50KB/s | 数据量: 0.8KB | 总耗时: 0.73s
[2026-05-29 12:53:06] ❌ 测速失败: http://lxfile.lxxcb.cn/nmip-media/channellive/channel103799/playlist.m3u8
   错误: HTTPConnectionPool(host='lxfile.lxxcb.cn', port=80): Max retries exceeded with url: /nmip-media/channellive/channel103799/playlist.m3u8 (Caused by NewConnectionError("HTTPConnection(host='lxfile.lxxcb.cn', port=80): Failed to establish a new connection: [Errno 101] Network is unreachable")) | 域名: lxfile.lxxcb.cn:80
[2026-05-29 12:53:08] ⚠️ 仅读取 0.3KB 数据: https://m3u8channel.ganzitv.com/nmip-media/channellive/channel1/playlist.m3u8
[2026-05-29 12:53:08] ✅ 测速成功: https://m3u8channel.ganzitv.com/nmip-media/channellive/channel1/playlist.m3u8
   速度: 271.48KB/s > 50KB/s | 数据量: 0.3KB | 总耗时: 1.98s
[2026-05-29 12:53:08] ⚠️ 仅读取 0.3KB 数据: http://play.jinnantv.top/live/JNTV1.m3u8?ztianjd
[2026-05-29 12:53:08] ✅ 测速成功: http://play.jinnantv.top/live/JNTV1.m3u8?ztianjd
   速度: 250.98KB/s > 50KB/s | 数据量: 0.3KB | 总耗时: 0.12s
[2026-05-29 12:53:09] ⚠️ 仅读取 0.7KB 数据: https://p2hs.vzan.com/slowlive/317913155078575177/live.m3u8
[2026-05-29 12:53:09] ✅ 测速成功: https://p2hs.vzan.com/slowlive/317913155078575177/live.m3u8
   速度: 691.41KB/s > 50KB/s | 数据量: 0.7KB | 总耗时: 1.37s
[2026-05-29 12:53:12] ⚠️ 仅读取 0.2KB 数据: https://lianshui-tv-hls.cm.jstv.com:443/lianshui-tv/lsxw.m3u8
[2026-05-29 12:53:12] ✅ 测速成功: https://lianshui-tv-hls.cm.jstv.com:443/lianshui-tv/lsxw.m3u8
   速度: 160.16KB/s > 50KB/s | 数据量: 0.2KB | 总耗时: 2.74s
[2026-05-29 12:53:13] ⚠️ 仅读取 0.4KB 数据: https://huaiyin-tv-replay.cm.jstv.com/huaiyin-tv/huaiyinf.m3u8
[2026-05-29 12:53:13] ✅ 测速成功: https://huaiyin-tv-replay.cm.jstv.com/huaiyin-tv/huaiyinf.m3u8
   速度: 431.64KB/s > 50KB/s | 数据量: 0.4KB | 总耗时: 1.02s
[2026-05-29 12:53:14] ⚠️ 仅读取 1.1KB 数据: http://hzcm-live.media.hugd.com/1e6b554b9ab74513958c0e1ffe664d22/9acaa7634309494cb29a85eb12136607.m3u8?auth_key=2272900830-9a2389b8bf4e49d580d4ad807423d326-0-ea78a5c7a678c436263582d368f5009e
[2026-05-29 12:53:14] ✅ 测速成功: http://hzcm-live.media.hugd.com/1e6b554b9ab74513958c0e1ffe664d22/9acaa7634309494cb29a85eb12136607.m3u8?auth_key=2272900830-9a2389b8bf4e49d580d4ad807423d326-0-ea78a5c7a678c436263582d368f5009e
   速度: 1119.14KB/s > 50KB/s | 数据量: 1.1KB | 总耗时: 0.86s
[2026-05-29 12:53:16] ⚠️ 仅读取 0.5KB 数据: http://jwplay.hebyun.com.cn/live/LPTV001/1500k/tzwj_video.m3u8
[2026-05-29 12:53:16] ✅ 测速成功: http://jwplay.hebyun.com.cn/live/LPTV001/1500k/tzwj_video.m3u8
   速度: 514.65KB/s > 50KB/s | 数据量: 0.5KB | 总耗时: 1.72s
[2026-05-29 12:53:18] ⚠️ 仅读取 0.1KB 数据: http://traffic.jbh.tjbh.com/live/bhtv10/playlist.m3u8
[2026-05-29 12:53:18] ⚠️ 速度不足: http://traffic.jbh.tjbh.com/live/bhtv10/playlist.m3u8
   速度: 0.77KB/s <= 50KB/s | 数据量: 0.1KB | 总耗时: 1.78s
[2026-05-29 12:53:24] ❌ 测速失败: http://live.yantaitv.cn/live/e50f104a4ffe4a41b2217cbda534146f/d86092e69df94668b33390278b061700-1.m3u8
   错误: HTTPConnectionPool(host='live.yantaitv.cn', port=80): Read timed out. (read timeout=5) | 域名: live.yantaitv.cn:80
[2026-05-29 12:53:26] ⚠️ 仅读取 0.9KB 数据: https://live.264788.xyz/channel/fujianxiangcungonggong?streamid=1cf7fc3a8f6d160c33b43c2f9507a0cc&livekey=01WgOR41rriMmMkzNsd0UoaxJRwetZdxIvtVk
[2026-05-29 12:53:26] ✅ 测速成功: https://live.264788.xyz/channel/fujianxiangcungonggong?streamid=1cf7fc3a8f6d160c33b43c2f9507a0cc&livekey=01WgOR41rriMmMkzNsd0UoaxJRwetZdxIvtVk
   速度: 917.97KB/s > 50KB/s | 数据量: 0.9KB | 总耗时: 2.00s
[2026-05-29 12:53:27] ⚠️ 仅读取 0.7KB 数据: http://live.shaoxing.com.cn/video/s10001-sxtv2/index.m3u8
[2026-05-29 12:53:27] ✅ 测速成功: http://live.shaoxing.com.cn/video/s10001-sxtv2/index.m3u8
   速度: 681.64KB/s > 50KB/s | 数据量: 0.7KB | 总耗时: 0.88s
[2026-05-29 12:53:28] ⚠️ 仅读取 0.3KB 数据: https://live-auth.51kandianshi.com/szgd/csztv3.m3u8
[2026-05-29 12:53:28] ✅ 测速成功: https://live-auth.51kandianshi.com/szgd/csztv3.m3u8
   速度: 286.13KB/s > 50KB/s | 数据量: 0.3KB | 总耗时: 1.18s
[2026-05-29 12:53:30] ⚠️ 仅读取 0.4KB 数据: http://stream.jmtv.com.cn/xwzh/sd/live.m3u8
[2026-05-29 12:53:30] ✅ 测速成功: http://stream.jmtv.com.cn/xwzh/sd/live.m3u8
   速度: 356.45KB/s > 50KB/s | 数据量: 0.4KB | 总耗时: 1.48s
[2026-05-29 12:53:31] ⚠️ 仅读取 0.1KB 数据: https://stream.jmtv.com.cn/xwzh/playlist.m3u8?_upt=3e28e7271664278691
[2026-05-29 12:53:31] ✅ 测速成功: https://stream.jmtv.com.cn/xwzh/playlist.m3u8?_upt=3e28e7271664278691
   速度: 68.36KB/s > 50KB/s | 数据量: 0.1KB | 总耗时: 1.16s
[2026-05-29 12:53:33] ⚠️ 仅读取 0.3KB 数据: https://file.ysxtv.cn/nmip-media/channellive/channel101492/playlist.m3u8
[2026-05-29 12:53:33] ✅ 测速成功: https://file.ysxtv.cn/nmip-media/channellive/channel101492/playlist.m3u8
   速度: 271.48KB/s > 50KB/s | 数据量: 0.3KB | 总耗时: 2.01s
[2026-05-29 12:53:35] ⚠️ 仅读取 0.3KB 数据: https://m3u8channel-yj.yunxya.com/nmip-media/channellive/channel101140/playlist.m3u8
[2026-05-29 12:53:35] ✅ 测速成功: https://m3u8channel-yj.yunxya.com/nmip-media/channellive/channel101140/playlist.m3u8
   速度: 271.48KB/s > 50KB/s | 数据量: 0.3KB | 总耗时: 1.57s
[2026-05-29 12:53:36] ⚠️ 仅读取 0.4KB 数据: https://liveplay-srs.voc.com.cn/hls/tv/183_554704.m3u8
[2026-05-29 12:53:36] ✅ 测速成功: https://liveplay-srs.voc.com.cn/hls/tv/183_554704.m3u8
   速度: 412.11KB/s > 50KB/s | 数据量: 0.4KB | 总耗时: 1.81s
[2026-05-29 12:53:38] ⚠️ 仅读取 0.3KB 数据: https://pili-live-hls-sjxgz2024.sobeylive.com/jxgz2024/396_q_live172526334096251.m3u8
[2026-05-29 12:53:38] ✅ 测速成功: https://pili-live-hls-sjxgz2024.sobeylive.com/jxgz2024/396_q_live172526334096251.m3u8
   速度: 275.39KB/s > 50KB/s | 数据量: 0.3KB | 总耗时: 2.02s
[2026-05-29 12:53:39] ⚠️ 仅读取 4.2KB 数据: https://shcm-stream-cf1.stream.264788.xyz/cms001/ch00000090990000001203/index.m3u8?streamid=fd36352c039198fe0978687774e97e59&streamkey=0WsC3jqv5pZMcRRCygo4VTlOTvi9bTCwlnIuuJUBjnBWTwcjoCuCI96qfPqPDVNZ0aqEUXrCtmdYiA55XouMxl7kXeqYtnnZLSPxmTgKz4J1lElEFPNAHdBzm&token=1775754833-0c24e6f296307991-0-4b1ed6441088c73ad4569aca7aa649a5
[2026-05-29 12:53:39] ✅ 测速成功: https://shcm-stream-cf1.stream.264788.xyz/cms001/ch00000090990000001203/index.m3u8?streamid=fd36352c039198fe0978687774e97e59&streamkey=0WsC3jqv5pZMcRRCygo4VTlOTvi9bTCwlnIuuJUBjnBWTwcjoCuCI96qfPqPDVNZ0aqEUXrCtmdYiA55XouMxl7kXeqYtnnZLSPxmTgKz4J1lElEFPNAHdBzm&token=1775754833-0c24e6f296307991-0-4b1ed6441088c73ad4569aca7aa649a5
   速度: 4159.18KB/s > 50KB/s | 数据量: 4.2KB | 总耗时: 0.85s
[2026-05-29 12:53:43] ⚠️ 仅读取 0.1KB 数据: http://183.64.174.171:40123/ch1.m3u8?zzhongqd
[2026-05-29 12:53:43] ⚠️ 速度不足: http://183.64.174.171:40123/ch1.m3u8?zzhongqd
   速度: 0.04KB/s <= 50KB/s | 数据量: 0.1KB | 总耗时: 3.63s
[2026-05-29 12:53:43] ⚠️ 仅读取 0.2KB 数据: http://zjtv-wshls.homecdn.com/live/2aa16.m3u8
[2026-05-29 12:53:43] ✅ 测速成功: http://zjtv-wshls.homecdn.com/live/2aa16.m3u8
   速度: 195.31KB/s > 50KB/s | 数据量: 0.2KB | 总耗时: 0.25s
[2026-05-29 12:53:43] ⚠️ 仅读取 0.2KB 数据: http://cm-wshls.homecdn.com/live/2aa50.m3u8
[2026-05-29 12:53:43] ✅ 测速成功: http://cm-wshls.homecdn.com/live/2aa50.m3u8
   速度: 193.36KB/s > 50KB/s | 数据量: 0.2KB | 总耗时: 0.25s
[2026-05-29 12:53:45] ⚠️ 仅读取 0.4KB 数据: https://play.yunxya.com/channellive/xinwen.m3u8
[2026-05-29 12:53:45] ✅ 测速成功: https://play.yunxya.com/channellive/xinwen.m3u8
   速度: 363.28KB/s > 50KB/s | 数据量: 0.4KB | 总耗时: 2.01s
[2026-05-29 12:53:46] ⚠️ 仅读取 0.3KB 数据: http://qcfile.qcrmt.com/nmip-media/channellive/channel100933/playlist.m3u8
[2026-05-29 12:53:46] ✅ 测速成功: http://qcfile.qcrmt.com/nmip-media/channellive/channel100933/playlist.m3u8
   速度: 265.62KB/s > 50KB/s | 数据量: 0.3KB | 总耗时: 0.57s
[2026-05-29 12:53:47] ⚠️ 仅读取 0.4KB 数据: http://hslive.hsnewsnet.com/lsdream/iY92ady/1000/live.m3u8?zanhd
[2026-05-29 12:53:47] ✅ 测速成功: http://hslive.hsnewsnet.com/lsdream/iY92ady/1000/live.m3u8?zanhd
   速度: 351.56KB/s > 50KB/s | 数据量: 0.4KB | 总耗时: 1.26s
[2026-05-29 12:53:48] ⚠️ 仅读取 0.4KB 数据: https://english-livetx.cgtn.com/hls/yypdjlctzb_hd.m3u8
[2026-05-29 12:53:48] ✅ 测速成功: https://english-livetx.cgtn.com/hls/yypdjlctzb_hd.m3u8
   速度: 402.34KB/s > 50KB/s | 数据量: 0.4KB | 总耗时: 1.12s
[2026-05-29 12:53:50] ⚠️ 仅读取 7.6KB 数据: http://newcntv.qcloudcdn.com/asp/hls/4000/0303000a/3/default/2bdfdad540b342f592f9817cb7f3b79a/4000.m3u8
[2026-05-29 12:53:50] ✅ 测速成功: http://newcntv.qcloudcdn.com/asp/hls/4000/0303000a/3/default/2bdfdad540b342f592f9817cb7f3b79a/4000.m3u8
   速度: 7620.12KB/s > 50KB/s | 数据量: 7.6KB | 总耗时: 1.80s
[2026-05-29 12:53:53] ⚠️ 仅读取 0.3KB 数据: https://liveout.btzx.com.cn/62ds9e/6o77s4.m3u8?zxinjd
[2026-05-29 12:53:53] ✅ 测速成功: https://liveout.btzx.com.cn/62ds9e/6o77s4.m3u8?zxinjd
   速度: 265.62KB/s > 50KB/s | 数据量: 0.3KB | 总耗时: 2.47s
[2026-05-29 12:53:53] ⚠️ 仅读取 0.4KB 数据: http://222.179.155.21:1935/ch1.m3u8?zzhongqd
[2026-05-29 12:53:53] ✅ 测速成功: http://222.179.155.21:1935/ch1.m3u8?zzhongqd
   速度: 405.27KB/s > 50KB/s | 数据量: 0.4KB | 总耗时: 0.53s
[2026-05-29 12:53:55] ⚠️ 仅读取 5.4KB 数据: https://hls.cntv.lxdns.com/asp/hls/2000/0303000a/3/default/f0a47e155d32450daa1d36a04fd7d262/2000.m3u8
[2026-05-29 12:53:55] ✅ 测速成功: https://hls.cntv.lxdns.com/asp/hls/2000/0303000a/3/default/f0a47e155d32450daa1d36a04fd7d262/2000.m3u8
   速度: 5388.67KB/s > 50KB/s | 数据量: 5.4KB | 总耗时: 1.46s
[2026-05-29 12:53:56] ⚠️ 仅读取 5.7KB 数据: https://newcntv.qcloudcdn.com/asp/hls/2000/0303000a/3/default/d2454bbb542d4613a9db478dab2addfd/2000.m3u8
[2026-05-29 12:53:56] ✅ 测速成功: https://newcntv.qcloudcdn.com/asp/hls/2000/0303000a/3/default/d2454bbb542d4613a9db478dab2addfd/2000.m3u8
   速度: 5678.71KB/s > 50KB/s | 数据量: 5.7KB | 总耗时: 1.24s
[2026-05-29 12:53:59] ✅ 测速成功: https://www.goodiptv.club/douyu/5907076
   速度: 285.42KB/s > 50KB/s | 数据量: 104.0KB | 总耗时: 3.22s
[2026-05-29 12:53:59] ⚠️ 仅读取 0.7KB 数据: https://AMChls.wns.live/hls/stream.m3u8
[2026-05-29 12:53:59] ✅ 测速成功: https://AMChls.wns.live/hls/stream.m3u8
   速度: 701.17KB/s > 50KB/s | 数据量: 0.7KB | 总耗时: 0.33s
[2026-05-29 12:54:00] ⚠️ 仅读取 0.3KB 数据: http://61.221.215.25:8800/hls/49/index.m3u8
[2026-05-29 12:54:00] ✅ 测速成功: http://61.221.215.25:8800/hls/49/index.m3u8
   速度: 252.93KB/s > 50KB/s | 数据量: 0.3KB | 总耗时: 0.40s
[2026-05-29 12:54:00] ✅ 测速成功: https://txmov2.a.kwimgs.com/bs3/video-hls/5195746663405928031_hlsb.m3u8
   速度: 5159.84KB/s > 50KB/s | 数据量: 104.0KB | 总耗时: 0.18s
[2026-05-29 12:54:00] ✅ 测速成功: https://alimov2.a.kwimgs.com/upic/2023/01/13/22/BMjAyMzAxMTMyMjEwMDNfNDAzMDAxOTlfOTM1MTIzMzYwODJfMF8z_b_B647d10e431b4cc5e48e6c77347d69021.mp4
   速度: 56760.91KB/s > 50KB/s | 数据量: 104.0KB | 总耗时: 0.52s
[2026-05-29 12:54:05] ✅ 测速成功: https://p2.bdstatic.com/rtmp.liveshow.lss-user.baidubce.com/live/stream_bduid_6488563992_8982723413/merged_1707497046297_88536_25144_41936.m3u8
   速度: 157.98KB/s > 50KB/s | 数据量: 103.6KB | 总耗时: 4.31s
[2026-05-29 12:54:06] ✅ 测速成功: https://svip.high24-playback.com/20250129/17159_7bca93c4/2000k/hls/mixed.m3u8
   速度: 620.59KB/s > 50KB/s | 数据量: 104.0KB | 总耗时: 1.34s
[2026-05-29 12:54:11] ⚠️ 仅读取 0.3KB 数据: https://gcalic.v.myalicdn.com/gc/ztd_1/index.m3u8
[2026-05-29 12:54:11] ✅ 测速成功: https://gcalic.v.myalicdn.com/gc/ztd_1/index.m3u8
   速度: 310.55KB/s > 50KB/s | 数据量: 0.3KB | 总耗时: 4.46s
[2026-05-29 12:54:13] ⚠️ 仅读取 0.1KB 数据: http://gctxyc.liveplay.myqcloud.com/gc/xjtcdhsz_1/index.m3u8
[2026-05-29 12:54:13] ✅ 测速成功: http://gctxyc.liveplay.myqcloud.com/gc/xjtcdhsz_1/index.m3u8
   速度: 99.61KB/s > 50KB/s | 数据量: 0.1KB | 总耗时: 2.08s
[2026-05-29 12:54:14] ⚠️ 仅读取 0.1KB 数据: https://ldcctvwbcdbd.a.bdydns.com/ldcctvwbcd/cdrmldcctv5plus_1/index.m3u8?BR=td
[2026-05-29 12:54:14] ✅ 测速成功: https://ldcctvwbcdbd.a.bdydns.com/ldcctvwbcd/cdrmldcctv5plus_1/index.m3u8?BR=td
   速度: 142.58KB/s > 50KB/s | 数据量: 0.1KB | 总耗时: 1.44s
[2026-05-29 12:54:15] ⚠️ 仅读取 0.3KB 数据: https://piccpndali.v.myalicdn.com/audio/cctv8_2.m3u8
[2026-05-29 12:54:15] ✅ 测速成功: https://piccpndali.v.myalicdn.com/audio/cctv8_2.m3u8
   速度: 278.32KB/s > 50KB/s | 数据量: 0.3KB | 总耗时: 0.73s
[2026-05-29 12:54:15] ⚠️ 仅读取 0.3KB 数据: https://english-livebkali.cgtn.com/live/encgtn_0.m3u8
[2026-05-29 12:54:15] ✅ 测速成功: https://english-livebkali.cgtn.com/live/encgtn_0.m3u8
   速度: 287.11KB/s > 50KB/s | 数据量: 0.3KB | 总耗时: 0.30s
[2026-05-29 12:54:15] ❌ 测速失败: https://live1-fuyun.fjtv.net/dnpd/hd/live.m3u8?_upt=a12a8fca1767412907
   错误: HTTPConnectionPool(host='127.0.0.1', port=80): Max retries exceeded with url: / (Caused by NewConnectionError("HTTPConnection(host='127.0.0.1', port=80): Failed to establish a new connection: [Errno 111] Connection refused")) | 域名: live1-fuyun.fjtv.net:443
[2026-05-29 12:54:17] ⚠️ 仅读取 0.3KB 数据: https://event.pull.hebtv.com:443/live/live101.m3u8
[2026-05-29 12:54:17] ✅ 测速成功: https://event.pull.hebtv.com:443/live/live101.m3u8
   速度: 339.84KB/s > 50KB/s | 数据量: 0.3KB | 总耗时: 1.41s
[2026-05-29 12:54:17] ⚠️ 仅读取 0.4KB 数据: http://121.19.134.56:808/tsfile/live/0001_1.m3u8?key=txiptv&playlive=1&authid=0
[2026-05-29 12:54:17] ✅ 测速成功: http://121.19.134.56:808/tsfile/live/0001_1.m3u8?key=txiptv&playlive=1&authid=0
   速度: 418.95KB/s > 50KB/s | 数据量: 0.4KB | 总耗时: 0.53s
[2026-05-29 12:54:18] ⚠️ 仅读取 0.4KB 数据: http://115.48.160.42:9901/tsfile/live/0001_1.m3u8?key=txiptv&playlive=1&authid=0
[2026-05-29 12:54:18] ✅ 测速成功: http://115.48.160.42:9901/tsfile/live/0001_1.m3u8?key=txiptv&playlive=1&authid=0
   速度: 418.95KB/s > 50KB/s | 数据量: 0.4KB | 总耗时: 0.52s
[2026-05-29 12:54:18] ⚠️ 仅读取 0.4KB 数据: http://121.19.134.141:808/tsfile/live/0001_1.m3u8?key=txiptv&playlive=1&authid=0
[2026-05-29 12:54:18] ✅ 测速成功: http://121.19.134.141:808/tsfile/live/0001_1.m3u8?key=txiptv&playlive=1&authid=0
   速度: 418.95KB/s > 50KB/s | 数据量: 0.4KB | 总耗时: 0.53s
[2026-05-29 12:54:20] ⚠️ 仅读取 0.4KB 数据: http://124.228.160.176:9901/tsfile/live/0017_1.m3u8?key=txiptv&playlive=1&authid=0
[2026-05-29 12:54:20] ✅ 测速成功: http://124.228.160.176:9901/tsfile/live/0017_1.m3u8?key=txiptv&playlive=1&authid=0
   速度: 413.09KB/s > 50KB/s | 数据量: 0.4KB | 总耗时: 1.55s
[2026-05-29 12:54:21] ⚠️ 仅读取 0.7KB 数据: http://120.198.95.220:9901/tsfile/live/1015_1.m3u8?key=txiptv&playlive=1&down=1
[2026-05-29 12:54:21] ✅ 测速成功: http://120.198.95.220:9901/tsfile/live/1015_1.m3u8?key=txiptv&playlive=1&down=1
   速度: 658.20KB/s > 50KB/s | 数据量: 0.7KB | 总耗时: 1.31s
[2026-05-29 12:54:22] ⚠️ 仅读取 0.4KB 数据: http://221.13.235.109:9901/tsfile/live/0001_1.m3u8?key=txiptv&playlive=1&authid=0
[2026-05-29 12:54:22] ✅ 测速成功: http://221.13.235.109:9901/tsfile/live/0001_1.m3u8?key=txiptv&playlive=1&authid=0
   速度: 418.95KB/s > 50KB/s | 数据量: 0.4KB | 总耗时: 0.52s
[2026-05-29 12:54:22] ⚠️ 仅读取 0.4KB 数据: http://221.193.168.210:9901/tsfile/live/0002_1.m3u8?key=txiptv&playlive=1&authid=0
[2026-05-29 12:54:22] ✅ 测速成功: http://221.193.168.210:9901/tsfile/live/0002_1.m3u8?key=txiptv&playlive=1&authid=0
   速度: 418.95KB/s > 50KB/s | 数据量: 0.4KB | 总耗时: 0.56s
[2026-05-29 12:54:28] ❌ 测速失败: http://101.66.194.38:9901/tsfile/live/0003_1.m3u8?key=txiptv&playlive=0&authid=0
   错误: HTTPConnectionPool(host='101.66.194.38', port=9901): Read timed out. (read timeout=5) | 域名: 101.66.194.38:9901
[2026-05-29 12:54:28] ⚠️ 仅读取 0.4KB 数据: http://221.13.235.54:9901/tsfile/live/0004_1.m3u8?key=txiptv&playlive=1&authid=0
[2026-05-29 12:54:28] ✅ 测速成功: http://221.13.235.54:9901/tsfile/live/0004_1.m3u8?key=txiptv&playlive=1&authid=0
   速度: 418.95KB/s > 50KB/s | 数据量: 0.4KB | 总耗时: 0.54s
[2026-05-29 12:54:29] ⚠️ 仅读取 0.4KB 数据: http://221.13.234.2:9901/tsfile/live/0004_1.m3u8?key=txiptv&playlive=1&authid=0
[2026-05-29 12:54:29] ✅ 测速成功: http://221.13.234.2:9901/tsfile/live/0004_1.m3u8?key=txiptv&playlive=1&authid=0
   速度: 418.95KB/s > 50KB/s | 数据量: 0.4KB | 总耗时: 0.50s
[2026-05-29 12:54:34] ❌ 测速失败: http://101.66.194.234:9901/tsfile/live/0118_1.m3u8?key=txiptv&playlive=0&authid=0
   错误: HTTPConnectionPool(host='101.66.194.234', port=9901): Read timed out. (read timeout=5) | 域名: 101.66.194.234:9901
[2026-05-29 12:54:40] ❌ 测速失败: http://101.66.198.207:9901/tsfile/live/0124_1.m3u8?key=txiptv&playlive=0&authid=0
   错误: HTTPConnectionPool(host='101.66.198.207', port=9901): Read timed out. (read timeout=5) | 域名: 101.66.198.207:9901
[2026-05-29 12:54:41] ✅ 测速成功: http://flv4mp4.people.com.cn/videofile7/pvmsvideo/2021/3/10/ShiXinPei_71ec1680d031363446f16a2366abccb9_android_c.mp4
   速度: 17187.74KB/s > 50KB/s | 数据量: 104.0KB | 总耗时: 0.95s
[2026-05-29 12:54:41] ⚠️ 仅读取 0.5KB 数据: http://example.com/update_time.mp4
[2026-05-29 12:54:41] ✅ 测速成功: http://example.com/update_time.mp4
   速度: 515.62KB/s > 50KB/s | 数据量: 0.5KB | 总耗时: 0.01s
[2026-05-29 12:54:41] ⚠️ 仅读取 1.4KB 数据: http://8.138.7.223/tv/1905.php?id=LIVE3YPYZ30E7V1R0
[2026-05-29 12:54:41] ✅ 测速成功: http://8.138.7.223/tv/1905.php?id=LIVE3YPYZ30E7V1R0
   速度: 1383.79KB/s > 50KB/s | 数据量: 1.4KB | 总耗时: 0.65s
[2026-05-29 12:54:42] ⚠️ 仅读取 0.1KB 数据: http://101.35.240.114:88/live.php?id=CCTV1
[2026-05-29 12:54:42] ✅ 测速成功: http://101.35.240.114:88/live.php?id=CCTV1
   速度: 142.58KB/s > 50KB/s | 数据量: 0.1KB | 总耗时: 0.53s
[2026-05-29 12:54:45] ❌ 测速失败: http://nn.7x9d.cn/深圳最新.php?id=szws4k
   错误: HTTPConnectionPool(host='nn.7x9d.cn', port=80): Max retries exceeded with url: /%E6%B7%B1%E5%9C%B3%E6%9C%80%E6%96%B0.php?id=szws4k (Caused by ConnectTimeoutError(<HTTPConnection(host='nn.7x9d.cn', port=80) at 0x7fa4d8345640>, 'Connection to nn.7x9d.cn timed out. (connect timeout=3.05)')) | 域名: nn.7x9d.cn:80
[2026-05-29 12:54:46] ⚠️ 仅读取 0.4KB 数据: http://event.pull.hebtv.com/jishi/weishi_tingyun.m3u8
[2026-05-29 12:54:46] ✅ 测速成功: http://event.pull.hebtv.com/jishi/weishi_tingyun.m3u8
   速度: 383.79KB/s > 50KB/s | 数据量: 0.4KB | 总耗时: 0.53s
[2026-05-29 12:54:47] ⚠️ 仅读取 0.0KB 数据: https://play-qukan.cztv.com/live/1746687519046362.m3u8
[2026-05-29 12:54:47] ⚠️ 速度不足: https://play-qukan.cztv.com/live/1746687519046362.m3u8
   速度: 16.60KB/s <= 50KB/s | 数据量: 0.0KB | 总耗时: 0.91s
[2026-05-29 12:54:47] ⚠️ 仅读取 0.2KB 数据: http://148.135.93.213/live.php?id=CCTV2
[2026-05-29 12:54:47] ✅ 测速成功: http://148.135.93.213/live.php?id=CCTV2
   速度: 158.20KB/s > 50KB/s | 数据量: 0.2KB | 总耗时: 0.13s
[2026-05-29 12:54:47] ❌ 测速失败: http://74.48.192.96:82/live.php?id=CCTV17
   错误: HTTPConnectionPool(host='74.48.192.96', port=82): Max retries exceeded with url: /live.php?id=CCTV17 (Caused by NewConnectionError("HTTPConnection(host='74.48.192.96', port=82): Failed to establish a new connection: [Errno 111] Connection refused")) | 域名: 74.48.192.96:82
[2026-05-29 12:54:51] ❌ 测速失败: http://hls.weathertv.cn/tslslive/qCFIfHB/hls/live_sd.m3u8
   错误: HTTPConnectionPool(host='hls.weathertv.cn', port=80): Max retries exceeded with url: /tslslive/qCFIfHB/hls/live_sd.m3u8 (Caused by ConnectTimeoutError(<HTTPConnection(host='hls.weathertv.cn', port=80) at 0x7fa4d83b17f0>, 'Connection to hls.weathertv.cn timed out. (connect timeout=3.05)')) | 域名: hls.weathertv.cn:80
[2026-05-29 12:54:55] ❌ 测速失败: http://iptv.huuc.edu.cn/hls/cctv1hd.m3u8
   错误: HTTPConnectionPool(host='iptv.huuc.edu.cn', port=80): Max retries exceeded with url: /hls/cctv1hd.m3u8 (Caused by NewConnectionError("HTTPConnection(host='iptv.huuc.edu.cn', port=80): Failed to establish a new connection: [Errno 101] Network is unreachable")) | 域名: iptv.huuc.edu.cn:80
[2026-05-29 12:54:57] ⚠️ 仅读取 0.1KB 数据: http://p.ytelc.com/169l/0/cctv.php?id=cctv15
[2026-05-29 12:54:57] ✅ 测速成功: http://p.ytelc.com/169l/0/cctv.php?id=cctv15
   速度: 134.77KB/s > 50KB/s | 数据量: 0.1KB | 总耗时: 2.08s
[2026-05-29 12:54:57] ⚠️ 仅读取 5.2KB 数据: http://t.061899.xyz/tl/tl.php?id=cctv1
[2026-05-29 12:54:57] ✅ 测速成功: http://t.061899.xyz/tl/tl.php?id=cctv1
   速度: 5182.62KB/s > 50KB/s | 数据量: 5.2KB | 总耗时: 0.48s
[2026-05-29 12:54:58] ⚠️ 仅读取 0.9KB 数据: http://120.76.248.139/live/bfgd/4200000108.m3u8
[2026-05-29 12:54:58] ✅ 测速成功: http://120.76.248.139/live/bfgd/4200000108.m3u8
   速度: 859.38KB/s > 50KB/s | 数据量: 0.9KB | 总耗时: 0.49s
[2026-05-29 12:54:59] ⚠️ 仅读取 0.2KB 数据: http://ali.hlspull.yximgs.com/live/b027460e580a463cb7e44eebexcvhnddggdfsdg.flv
[2026-05-29 12:54:59] ✅ 测速成功: http://ali.hlspull.yximgs.com/live/b027460e580a463cb7e44eebexcvhnddggdfsdg.flv
   速度: 248.05KB/s > 50KB/s | 数据量: 0.2KB | 总耗时: 0.90s
[2026-05-29 12:54:59] ❌ 测速失败: http://zhibo.hkstv.tv/livestream/mutfysrq/playlist.m3u8
   错误: HTTPConnectionPool(host='zhibo.hkstv.tv', port=80): Max retries exceeded with url: /livestream/mutfysrq/playlist.m3u8 (Caused by NameResolutionError("HTTPConnection(host='zhibo.hkstv.tv', port=80): Failed to resolve 'zhibo.hkstv.tv' ([Errno -2] Name or service not known)")) | 域名: zhibo.hkstv.tv:80
[2026-05-29 12:55:00] ⚠️ 仅读取 0.4KB 数据: http://106.53.99.30/tv/cctv13.php
[2026-05-29 12:55:00] ✅ 测速成功: http://106.53.99.30/tv/cctv13.php
   速度: 399.41KB/s > 50KB/s | 数据量: 0.4KB | 总耗时: 0.48s
[2026-05-29 12:55:05] ❌ 测速失败: https://gdcucc.v1.mk/gdcucc/brtv8k.m3u8
   错误: HTTPSConnectionPool(host='gdcucc.v1.mk', port=443): Read timed out. (read timeout=5) | 域名: gdcucc.v1.mk:443
[2026-05-29 12:55:06] ⚠️ 仅读取 0.1KB 数据: http://tvbox6.icu/tv/gdmzyd.php?id=104
[2026-05-29 12:55:06] ✅ 测速成功: http://tvbox6.icu/tv/gdmzyd.php?id=104
   速度: 142.58KB/s > 50KB/s | 数据量: 0.1KB | 总耗时: 0.93s
[2026-05-29 12:55:11] ❌ 测速失败: https://hdl-vip-ws.qf.56.com/live/lc_11730.flv
   错误: HTTPSConnectionPool(host='hdl-vip-ws.qf.56.com', port=443): Read timed out. (read timeout=5) | 域名: hdl-vip-ws.qf.56.com:443
[2026-05-29 12:55:12] ⚠️ 仅读取 0.0KB 数据: https://live.tvfix.org/live/cmc/index.m3u8
[2026-05-29 12:55:12] ⚠️ 速度不足: https://live.tvfix.org/live/cmc/index.m3u8
   速度: 0.00KB/s <= 50KB/s | 数据量: 0.0KB | 总耗时: 0.65s
[2026-05-29 12:55:16] ❌ 测速失败: http://bp-livetytv.bestv.cn/ch/bestvwxty.m3u8
   错误: HTTPConnectionPool(host='bp-livetytv.bestv.cn', port=80): Max retries exceeded with url: /ch/bestvwxty.m3u8 (Caused by ConnectTimeoutError(<HTTPConnection(host='bp-livetytv.bestv.cn', port=80) at 0x7fa4d8351b20>, 'Connection to bp-livetytv.bestv.cn timed out. (connect timeout=3.05)')) | 域名: bp-livetytv.bestv.cn:80
[2026-05-29 12:55:17] ⚠️ 仅读取 6.3KB 数据: https://other.ottiptv.cc/cwjd.m3u8
[2026-05-29 12:55:17] ✅ 测速成功: https://other.ottiptv.cc/cwjd.m3u8
   速度: 6259.77KB/s > 50KB/s | 数据量: 6.3KB | 总耗时: 0.84s
[2026-05-29 12:55:18] ⚠️ 仅读取 0.2KB 数据: http://r.jdshipin.com/WtYt3
[2026-05-29 12:55:18] ✅ 测速成功: http://r.jdshipin.com/WtYt3
   速度: 242.19KB/s > 50KB/s | 数据量: 0.2KB | 总耗时: 1.35s
[2026-05-29 12:55:18] ⚠️ 仅读取 0.1KB 数据: https://bcovlive-a.akamaihd.net/rce33d845cb9e42dfa302c7ac345f7858/ap-northeast-1/6282251407001/playlist.m3u8
[2026-05-29 12:55:18] ✅ 测速成功: https://bcovlive-a.akamaihd.net/rce33d845cb9e42dfa302c7ac345f7858/ap-northeast-1/6282251407001/playlist.m3u8
   速度: 108.40KB/s > 50KB/s | 数据量: 0.1KB | 总耗时: 0.40s
[2026-05-29 12:55:22] ❌ 测速失败: http://iptv.4666888.xyz/iptv2A.php?id=19
   错误: HTTPSConnectionPool(host='res.mq-link.com', port=4438): Max retries exceeded with url: /webapi/filestore/7507291146eb88681e3dc56e312811fda3bb1050.mp4?type=video&docid=22a408&name=11%E6%9C%8821%E6%97%A5.mp4 (Caused by ConnectTimeoutError(<HTTPSConnection(host='res.mq-link.com', port=4438) at 0x7fa4d83516a0>, 'Connection to res.mq-link.com timed out. (connect timeout=3.05)')) | 域名: iptv.4666888.xyz:80
[2026-05-29 12:55:23] ⚠️ 仅读取 0.3KB 数据: http://cdn6.163189.xyz/163189/fhzw
[2026-05-29 12:55:23] ✅ 测速成功: http://cdn6.163189.xyz/163189/fhzw
   速度: 294.92KB/s > 50KB/s | 数据量: 0.3KB | 总耗时: 0.39s
[2026-05-29 12:55:23] ⚠️ 仅读取 3.1KB 数据: http://cdn9.163189.xyz/live/as/stream.m3u8
[2026-05-29 12:55:23] ✅ 测速成功: http://cdn9.163189.xyz/live/as/stream.m3u8
   速度: 3118.16KB/s > 50KB/s | 数据量: 3.1KB | 总耗时: 0.45s
[2026-05-29 12:55:24] ⚠️ 仅读取 0.2KB 数据: http://live-hls.macaulotustv.com/lotustv/macaulotustv.m3u8
[2026-05-29 12:55:24] ✅ 测速成功: http://live-hls.macaulotustv.com/lotustv/macaulotustv.m3u8
   速度: 206.05KB/s > 50KB/s | 数据量: 0.2KB | 总耗时: 0.96s
[2026-05-29 12:55:25] ⚠️ 仅读取 6.8KB 数据: http://cdn3.163189.xyz/live/j1/stream.m3u8
[2026-05-29 12:55:25] ✅ 测速成功: http://cdn3.163189.xyz/live/j1/stream.m3u8
   速度: 6823.24KB/s > 50KB/s | 数据量: 6.8KB | 总耗时: 0.28s
[2026-05-29 12:55:25] ⚠️ 仅读取 0.1KB 数据: http://bxtv.3a.ink/api.php?id=tvbp
[2026-05-29 12:55:25] ✅ 测速成功: http://bxtv.3a.ink/api.php?id=tvbp
   速度: 142.58KB/s > 50KB/s | 数据量: 0.1KB | 总耗时: 0.67s
[2026-05-29 12:55:27] ⚠️ 仅读取 0.2KB 数据: https://v3.mediacast.hk/webcast/bshdlive-pc/chunklist_w99771165.m3u8
[2026-05-29 12:55:27] ✅ 测速成功: https://v3.mediacast.hk/webcast/bshdlive-pc/chunklist_w99771165.m3u8
   速度: 208.01KB/s > 50KB/s | 数据量: 0.2KB | 总耗时: 1.33s
[2026-05-29 12:55:34] RTMP检测成功: rtmp://f13h.mine.nu/sat/tv051
[2026-05-29 12:55:34] ❌ 测速失败: http://litv.zapi.us.kg/?id=4gtv-4gtv052
   错误: HTTPConnectionPool(host='litv.zapi.us.kg', port=80): Max retries exceeded with url: /?id=4gtv-4gtv052 (Caused by NameResolutionError("HTTPConnection(host='litv.zapi.us.kg', port=80): Failed to resolve 'litv.zapi.us.kg' ([Errno -2] Name or service not known)")) | 域名: litv.zapi.us.kg:80
[2026-05-29 12:55:35] ❌ 测速失败: http://live4play.uk/livehttpplay?channel_id=10126
   错误: HTTPConnectionPool(host='live4play.uk', port=80): Max retries exceeded with url: /livehttpplay?channel_id=10126 (Caused by NewConnectionError("HTTPConnection(host='live4play.uk', port=80): Failed to establish a new connection: [Errno 111] Connection refused")) | 域名: live4play.uk:80
[2026-05-29 12:55:35] ❌ 测速失败: http://mytv.cdn.com.mp/live/dsdy/stream.m3u8
   错误: HTTPConnectionPool(host='mytv.cdn.com.mp', port=80): Max retries exceeded with url: /live/dsdy/stream.m3u8 (Caused by NameResolutionError("HTTPConnection(host='mytv.cdn.com.mp', port=80): Failed to resolve 'mytv.cdn.com.mp' ([Errno -2] Name or service not known)")) | 域名: mytv.cdn.com.mp:80
[2026-05-29 12:55:41] ❌ 测速失败: https://smart.pendy.dpdns.org/Smart.php?id=ftvtaiwan_twn
   错误: HTTPSConnectionPool(host='smart.pendy.dpdns.org', port=443): Read timed out. (read timeout=5) | 域名: smart.pendy.dpdns.org:443
[2026-05-29 12:55:41] ❌ 测速失败: http://livetv.skycf.eu.org/live.m3u8?c=3
   错误: HTTPConnectionPool(host='livetv.skycf.eu.org', port=80): Max retries exceeded with url: /live.m3u8?c=3 (Caused by NameResolutionError("HTTPConnection(host='livetv.skycf.eu.org', port=80): Failed to resolve 'livetv.skycf.eu.org' ([Errno -2] Name or service not known)")) | 域名: livetv.skycf.eu.org:80
[2026-05-29 12:55:41] ⚠️ 仅读取 0.3KB 数据: http://ottproxy2.ist.ooo/livehls/MOB-U1-NO/03.m3u8
[2026-05-29 12:55:41] ✅ 测速成功: http://ottproxy2.ist.ooo/livehls/MOB-U1-NO/03.m3u8
   速度: 328.12KB/s > 50KB/s | 数据量: 0.3KB | 总耗时: 0.56s
[2026-05-29 12:55:42] ⚠️ 仅读取 0.0KB 数据: https://pulltv1.wanfudaluye.com/live/tv1.m3u8
[2026-05-29 12:55:42] ⚠️ 速度不足: https://pulltv1.wanfudaluye.com/live/tv1.m3u8
   速度: 0.00KB/s <= 50KB/s | 数据量: 0.0KB | 总耗时: 0.44s
[2026-05-29 12:55:42] ⚠️ 仅读取 0.0KB 数据: https://pulltv2.wanfudaluye.com/live/tv2.m3u8
[2026-05-29 12:55:42] ⚠️ 速度不足: https://pulltv2.wanfudaluye.com/live/tv2.m3u8
   速度: 0.00KB/s <= 50KB/s | 数据量: 0.0KB | 总耗时: 0.45s
[2026-05-29 12:55:43] ⚠️ 仅读取 0.8KB 数据: http://www.dalitv.com.tw:4568/live/dali/index.m3u8
[2026-05-29 12:55:43] ✅ 测速成功: http://www.dalitv.com.tw:4568/live/dali/index.m3u8
   速度: 838.87KB/s > 50KB/s | 数据量: 0.8KB | 总耗时: 1.02s
[2026-05-29 12:55:44] ⚠️ 仅读取 2.8KB 数据: https://cdn8.163189.xyz/live/lhdy/stream.m3u8
[2026-05-29 12:55:44] ✅ 测速成功: https://cdn8.163189.xyz/live/lhdy/stream.m3u8
   速度: 2836.91KB/s > 50KB/s | 数据量: 2.8KB | 总耗时: 0.28s
[2026-05-29 12:55:44] ⚠️ 仅读取 2.8KB 数据: https://cdn5.163189.xyz/live/rthk31/stream.m3u8
[2026-05-29 12:55:44] ✅ 测速成功: https://cdn5.163189.xyz/live/rthk31/stream.m3u8
   速度: 2836.91KB/s > 50KB/s | 数据量: 2.8KB | 总耗时: 0.22s
[2026-05-29 12:55:44] ⚠️ 仅读取 2.8KB 数据: http://cdn.163189.xyz/live/hoy/stream.m3u8
[2026-05-29 12:55:44] ✅ 测速成功: http://cdn.163189.xyz/live/hoy/stream.m3u8
   速度: 2836.91KB/s > 50KB/s | 数据量: 2.8KB | 总耗时: 0.58s
[2026-05-29 12:55:45] ⚠️ 仅读取 2.7KB 数据: https://stream1.freetv.fun/eltaai-er-da-ti-yu--1--wj-1.ctv
[2026-05-29 12:55:45] ✅ 测速成功: https://stream1.freetv.fun/eltaai-er-da-ti-yu--1--wj-1.ctv
   速度: 2708.01KB/s > 50KB/s | 数据量: 2.7KB | 总耗时: 0.63s
[2026-05-29 12:55:45] ⚠️ 仅读取 0.3KB 数据: http://php.jdshipin.com/TVOD/iptv.php?id=fhzw
[2026-05-29 12:55:45] ✅ 测速成功: http://php.jdshipin.com/TVOD/iptv.php?id=fhzw
   速度: 294.92KB/s > 50KB/s | 数据量: 0.3KB | 总耗时: 0.20s
[2026-05-29 12:55:45] ⚠️ 仅读取 0.3KB 数据: https://cdn6.163189.xyz/163189/8tv
[2026-05-29 12:55:45] ✅ 测速成功: https://cdn6.163189.xyz/163189/8tv
   速度: 282.23KB/s > 50KB/s | 数据量: 0.3KB | 总耗时: 0.08s
[2026-05-29 12:55:45] ❌ 测速失败: http://[2409:8087:5e00:24::2d]:6610/000000001000/1/1000000004000023658/index.m3u8?channel-id=ystenlive&Contentid=1000000004000023658&livemode=1&stbId=YanG-1989
   错误: HTTPConnectionPool(host='2409:8087:5e00:24::2d', port=6610): Max retries exceeded with url: /000000001000/1/1000000004000023658/index.m3u8?channel-id=ystenlive&Contentid=1000000004000023658&livemode=1&stbId=YanG-1989 (Caused by NewConnectionError("HTTPConnection(host='2409:8087:5e00:24::2d', port=6610): Failed to establish a new connection: [Errno 101] Network is unreachable")) | 域名: 2409:8087:5e00:24::2d:6610
[2026-05-29 12:55:48] ❌ 测速失败: http://39.134.65.175/PLTV/88888888/224/3221225679/1.m3u8
   错误: HTTPConnectionPool(host='39.134.65.175', port=80): Max retries exceeded with url: /PLTV/88888888/224/3221225679/1.m3u8 (Caused by ConnectTimeoutError(<HTTPConnection(host='39.134.65.175', port=80) at 0x7fa4d8246550>, 'Connection to 39.134.65.175 timed out. (connect timeout=3.05)')) | 域名: 39.134.65.175:80
[2026-05-29 12:55:51] ❌ 测速失败: http://39.134.182.166/hwltc.tv.cdn.zj.chinamobile.com/PLTV/88888888/224/3221236183/index.m3u8
   错误: HTTPConnectionPool(host='39.134.182.166', port=80): Max retries exceeded with url: /hwltc.tv.cdn.zj.chinamobile.com/PLTV/88888888/224/3221236183/index.m3u8 (Caused by ConnectTimeoutError(<HTTPConnection(host='39.134.182.166', port=80) at 0x7fa4d82461f0>, 'Connection to 39.134.182.166 timed out. (connect timeout=3.05)')) | 域名: 39.134.182.166:80
[2026-05-29 12:55:51] ❌ 测速失败: http://[2409:8087:1a01:df::7005]:80/ottrrs.hl.chinamobile.com/PLTV/88888888/224/3221225671/index.m3u8
   错误: HTTPConnectionPool(host='2409:8087:1a01:df::7005', port=80): Max retries exceeded with url: /ottrrs.hl.chinamobile.com/PLTV/88888888/224/3221225671/index.m3u8 (Caused by NewConnectionError("HTTPConnection(host='2409:8087:1a01:df::7005', port=80): Failed to establish a new connection: [Errno 101] Network is unreachable")) | 域名: 2409:8087:1a01:df::7005:80
[2026-05-29 12:55:53] ⚠️ 仅读取 0.0KB 数据: http://tv.pull.hebtv.com/jishi/weishipindao.m3u8?t=2510710360&k=3d44740039027301acf8341d7361ab59
[2026-05-29 12:55:53] ⚠️ 速度不足: http://tv.pull.hebtv.com/jishi/weishipindao.m3u8?t=2510710360&k=3d44740039027301acf8341d7361ab59
   速度: 35.16KB/s <= 50KB/s | 数据量: 0.0KB | 总耗时: 2.01s
[2026-05-29 12:55:54] ❌ 测速失败: http://live.nbs.cn/channels/njtv/sepd/nbs23.m3u8
   错误: HTTPConnectionPool(host='live.nbs.cn', port=80): Max retries exceeded with url: /channels/njtv/sepd/nbs23.m3u8 (Caused by NameResolutionError("HTTPConnection(host='live.nbs.cn', port=80): Failed to resolve 'live.nbs.cn' ([Errno -5] No address associated with hostname)")) | 域名: live.nbs.cn:80
[2026-05-29 12:56:11] ⚠️ 仅读取 0.1KB 数据: https://hls.gstv.com.cn/49048r/922k96.m3u8
[2026-05-29 12:56:11] ✅ 测速成功: https://hls.gstv.com.cn/49048r/922k96.m3u8
   速度: 146.48KB/s > 50KB/s | 数据量: 0.1KB | 总耗时: 17.46s
[2026-05-29 12:56:15] ⚠️ 仅读取 2.7KB 数据: https://hls.ningxiahuangheyun.com/live/nxse1M.m3u8
[2026-05-29 12:56:15] ✅ 测速成功: https://hls.ningxiahuangheyun.com/live/nxse1M.m3u8
   速度: 2719.73KB/s > 50KB/s | 数据量: 2.7KB | 总耗时: 3.25s
[2026-05-29 12:56:17] ⚠️ 仅读取 0.0KB 数据: https://livestream-bt.nmtv.cn/nmtv/2315general.m3u8?txSecret=4971666599ef9411629213c9a300bf66&txTime=771EF880
[2026-05-29 12:56:17] ⚠️ 速度不足: https://livestream-bt.nmtv.cn/nmtv/2315general.m3u8?txSecret=4971666599ef9411629213c9a300bf66&txTime=771EF880
   速度: 0.00KB/s <= 50KB/s | 数据量: 0.0KB | 总耗时: 1.94s
[2026-05-29 12:56:18] ⚠️ 仅读取 0.2KB 数据: https://live.ottiptv.cc/huya/11601966
[2026-05-29 12:56:18] ✅ 测速成功: https://live.ottiptv.cc/huya/11601966
   速度: 248.05KB/s > 50KB/s | 数据量: 0.2KB | 总耗时: 1.56s
[2026-05-29 12:56:19] ✅ 测速成功: http://cdn.jdshipin.com:8880/huya.php?id=11342412
   速度: 5688.75KB/s > 50KB/s | 数据量: 104.0KB | 总耗时: 0.99s
[2026-05-29 12:56:22] ✅ 测速成功: https://goodiptv.club/douyu/5908256
   速度: 350.79KB/s > 50KB/s | 数据量: 104.0KB | 总耗时: 3.23s
[2026-05-29 12:56:22] ❌ 测速失败: http://[2409:8087:1:20:20::2a]/otttv.bj.chinamobile.com/PLTV/88888888/224/3221226437/1.m3u8?GuardEncType=2&accountinfo=%7E%7EV2.0%7EncK5uEAdYwWMsf8WJWI1mQ%7E_eNUbgU9sJGUcVVduOMKhafLvQUgE_zlz_7pvDimJNO_LSIQh_h2P54Cz-MqgJqC%2CEND
   错误: HTTPConnectionPool(host='2409:8087:1:20:20::2a', port=80): Max retries exceeded with url: /otttv.bj.chinamobile.com/PLTV/88888888/224/3221226437/1.m3u8?GuardEncType=2&accountinfo=~~V2.0~ncK5uEAdYwWMsf8WJWI1mQ~_eNUbgU9sJGUcVVduOMKhafLvQUgE_zlz_7pvDimJNO_LSIQh_h2P54Cz-MqgJqC%2CEND (Caused by NewConnectionError("HTTPConnection(host='2409:8087:1:20:20::2a', port=80): Failed to establish a new connection: [Errno 101] Network is unreachable")) | 域名: 2409:8087:1:20:20::2a:80
[2026-05-29 12:56:25] ⚠️ 仅读取 0.1KB 数据: https://hsplay-360.v.btime.com/live_btime/btv_sn_20170706_s4/index.m3u8?time=1742954511&sign=5241ba5667bd08639fd195ea9db6da5a
[2026-05-29 12:56:25] ✅ 测速成功: https://hsplay-360.v.btime.com/live_btime/btv_sn_20170706_s4/index.m3u8?time=1742954511&sign=5241ba5667bd08639fd195ea9db6da5a
   速度: 146.48KB/s > 50KB/s | 数据量: 0.1KB | 总耗时: 2.23s
[2026-05-29 12:56:25] ❌ 测速失败: http://[2409:8087:1:20:20::26]/otttv.bj.chinamobile.com/PLTV/88888888/224/3221226550/1.m3u8?GuardEncType=2&accountinfo=~~V2.0~e2qS8h6u-xp3gd50vNr1sw~_eNUbgU9sJGUcVVduOMKhafLvQUgE_zlz_7pvDimJNPPFD3HVWEytEVyliOxehfe%2CEND
   错误: HTTPConnectionPool(host='2409:8087:1:20:20::26', port=80): Max retries exceeded with url: /otttv.bj.chinamobile.com/PLTV/88888888/224/3221226550/1.m3u8?GuardEncType=2&accountinfo=~~V2.0~e2qS8h6u-xp3gd50vNr1sw~_eNUbgU9sJGUcVVduOMKhafLvQUgE_zlz_7pvDimJNPPFD3HVWEytEVyliOxehfe%2CEND (Caused by NewConnectionError("HTTPConnection(host='2409:8087:1:20:20::26', port=80): Failed to establish a new connection: [Errno 101] Network is unreachable")) | 域名: 2409:8087:1:20:20::26:80
[2026-05-29 12:56:25] ❌ 测速失败: http://[2409:8087:1:20:20::2c]/otttv.bj.chinamobile.com/PLTV/88888888/224/3221226551/1.m3u8?GuardEncType=2&accountinfo=%7E%7EV2.0%7Ex0efg9fpenP8E8lWJUb5Lg%7E_eNUbgU9sJGUcVVduOMKhafLvQUgE_zlz_7pvDimJNNg3bzRax0E9tLmO9xgXVx8%2CEND
   错误: HTTPConnectionPool(host='2409:8087:1:20:20::2c', port=80): Max retries exceeded with url: /otttv.bj.chinamobile.com/PLTV/88888888/224/3221226551/1.m3u8?GuardEncType=2&accountinfo=~~V2.0~x0efg9fpenP8E8lWJUb5Lg~_eNUbgU9sJGUcVVduOMKhafLvQUgE_zlz_7pvDimJNNg3bzRax0E9tLmO9xgXVx8%2CEND (Caused by NewConnectionError("HTTPConnection(host='2409:8087:1:20:20::2c', port=80): Failed to establish a new connection: [Errno 101] Network is unreachable")) | 域名: 2409:8087:1:20:20::2c:80
[2026-05-29 12:56:26] ⚠️ 仅读取 0.2KB 数据: https://pili-live-hls.wdit.com.cn/wditlive/c038f4fafbdf4f97ba74c74ad67259b931ee.m3u8
[2026-05-29 12:56:26] ✅ 测速成功: https://pili-live-hls.wdit.com.cn/wditlive/c038f4fafbdf4f97ba74c74ad67259b931ee.m3u8
   速度: 206.05KB/s > 50KB/s | 数据量: 0.2KB | 总耗时: 1.61s
[2026-05-29 12:56:27] ⚠️ 仅读取 0.6KB 数据: http://p2.vzan.com/527645544/149039617847513156/live.m3u8
[2026-05-29 12:56:27] ✅ 测速成功: http://p2.vzan.com/527645544/149039617847513156/live.m3u8
   速度: 591.80KB/s > 50KB/s | 数据量: 0.6KB | 总耗时: 0.59s
[2026-05-29 12:56:30] ❌ 测速失败: http://m3u8file.lstv.org.cn/nmip-media/channellive/channel1/playlist.m3u8
   错误: HTTPConnectionPool(host='m3u8file.lstv.org.cn', port=80): Max retries exceeded with url: /nmip-media/channellive/channel1/playlist.m3u8 (Caused by ConnectTimeoutError(<HTTPConnection(host='m3u8file.lstv.org.cn', port=80) at 0x7fa4d85e6490>, 'Connection to m3u8file.lstv.org.cn timed out. (connect timeout=3.05)')) | 域名: m3u8file.lstv.org.cn:80
[2026-05-29 12:56:32] ⚠️ 仅读取 0.2KB 数据: http://tvfile.lzgbdst.com/nmip-media/channellive/channel106876/playlist.m3u8?zsicd
[2026-05-29 12:56:32] ✅ 测速成功: http://tvfile.lzgbdst.com/nmip-media/channellive/channel106876/playlist.m3u8?zsicd
   速度: 174.80KB/s > 50KB/s | 数据量: 0.2KB | 总耗时: 1.30s
[2026-05-29 12:56:32] ❌ 测速失败: http://live.wanyuannews.com/wytv/hd/live.m3u8?zsicd
   错误: HTTPConnectionPool(host='live.wanyuannews.com', port=80): Max retries exceeded with url: /wytv/hd/live.m3u8?zsicd (Caused by NameResolutionError("HTTPConnection(host='live.wanyuannews.com', port=80): Failed to resolve 'live.wanyuannews.com' ([Errno -2] Name or service not known)")) | 域名: live.wanyuannews.com:80
[2026-05-29 12:56:32] ⚠️ 仅读取 0.3KB 数据: http://pili-live-hls.ybcxjd.com/jdh-live/2108111201035597.m3u8?zsicd
[2026-05-29 12:56:32] ✅ 测速成功: http://pili-live-hls.ybcxjd.com/jdh-live/2108111201035597.m3u8?zsicd
   速度: 259.77KB/s > 50KB/s | 数据量: 0.3KB | 总耗时: 0.12s
[2026-05-29 12:56:33] ⚠️ 仅读取 0.1KB 数据: http://tvfile.swrmt.com:80/nmip-media/channellive/channel100064/playlist.m3u8
[2026-05-29 12:56:33] ✅ 测速成功: http://tvfile.swrmt.com:80/nmip-media/channellive/channel100064/playlist.m3u8
   速度: 146.48KB/s > 50KB/s | 数据量: 0.1KB | 总耗时: 1.04s
[2026-05-29 12:56:34] ❌ 测速失败: http://livepull.myntv.cn:80/rtmp/mykj.m3u8
   错误: HTTPConnectionPool(host='livepull.myntv.cn', port=80): Max retries exceeded with url: /rtmp/mykj.m3u8 (Caused by NameResolutionError("HTTPConnection(host='livepull.myntv.cn', port=80): Failed to resolve 'livepull.myntv.cn' ([Errno -2] Name or service not known)")) | 域名: livepull.myntv.cn:80
[2026-05-29 12:56:39] RTMP检测失败: rtmp://tv.yunxya.com:1937/channellive/shimian | [tcp @ 0x56543c1c1540] Connection to tcp://tv.yunxya.com:1937?tcp_nodelay=0 failed: Connection timed
[2026-05-29 12:56:40] ❌ 测速失败: http://live.pzhkai.com/xwzhtl/sd/live.m3u8
   错误: HTTPConnectionPool(host='live.pzhkai.com', port=80): Max retries exceeded with url: /xwzhtl/sd/live.m3u8 (Caused by NameResolutionError("HTTPConnection(host='live.pzhkai.com', port=80): Failed to resolve 'live.pzhkai.com' ([Errno -2] Name or service not known)")) | 域名: live.pzhkai.com:80
[2026-05-29 12:56:41] ⚠️ 仅读取 2.8KB 数据: http://cdn2.163189.xyz/live/gdzj/stream.m3u8
[2026-05-29 12:56:41] ✅ 测速成功: http://cdn2.163189.xyz/live/gdzj/stream.m3u8
   速度: 2836.91KB/s > 50KB/s | 数据量: 2.8KB | 总耗时: 0.78s
[2026-05-29 12:56:42] ⚠️ 仅读取 0.4KB 数据: http://tmpstream.hyrtv.cn/xwzh/sd/live.m3u8
[2026-05-29 12:56:42] ✅ 测速成功: http://tmpstream.hyrtv.cn/xwzh/sd/live.m3u8
   速度: 354.49KB/s > 50KB/s | 数据量: 0.4KB | 总耗时: 1.19s
[2026-05-29 12:56:43] ⚠️ 仅读取 0.3KB 数据: http://1.94.31.214/php/hntv.php?id=hnws
[2026-05-29 12:56:43] ✅ 测速成功: http://1.94.31.214/php/hntv.php?id=hnws
   速度: 348.63KB/s > 50KB/s | 数据量: 0.3KB | 总耗时: 0.58s
[2026-05-29 12:56:43] ❌ 测速失败: http://[2409:8087:4c0a:22:1::11]:6410/170000001115/UmaiCHAN638072216f7da/index.m3u8?AuthInfo=9kOOdBn7MFF%2F2bWjKgahUUAdKgLqNB5aOAUhcp5CeNLx3R3LdIBdA5q61lut1LwZcw4SC2tJubc%2Bq5t%2F61jvWCtjrJL0x%2BHncPgdmcbBW9I
   错误: HTTPConnectionPool(host='2409:8087:4c0a:22:1::11', port=6410): Max retries exceeded with url: /170000001115/UmaiCHAN638072216f7da/index.m3u8?AuthInfo=9kOOdBn7MFF%2F2bWjKgahUUAdKgLqNB5aOAUhcp5CeNLx3R3LdIBdA5q61lut1LwZcw4SC2tJubc%2Bq5t%2F61jvWCtjrJL0x%2BHncPgdmcbBW9I (Caused by NewConnectionError("HTTPConnection(host='2409:8087:4c0a:22:1::11', port=6410): Failed to establish a new connection: [Errno 101] Network is unreachable")) | 域名: 2409:8087:4c0a:22:1::11:6410
[2026-05-29 12:56:44] ⚠️ 仅读取 0.0KB 数据: http://stream.appwuhan.com/1tzb/sd/live.m3u8
[2026-05-29 12:56:44] ⚠️ 速度不足: http://stream.appwuhan.com/1tzb/sd/live.m3u8
   速度: 0.00KB/s <= 50KB/s | 数据量: 0.0KB | 总耗时: 1.73s
[2026-05-29 12:56:45] ⚠️ 仅读取 0.6KB 数据: http://p8.vzan.com/slowlive/034028687228317362/live.m3u8
[2026-05-29 12:56:45] ✅ 测速成功: http://p8.vzan.com/slowlive/034028687228317362/live.m3u8
   速度: 593.75KB/s > 50KB/s | 数据量: 0.6KB | 总耗时: 0.66s
[2026-05-29 12:56:53] ❌ 测速失败: http://ottrrs.hl.chinamobile.com/PLTV/88888888/224/3221225994/index.m3u8
   错误: HTTPConnectionPool(host='ottrrs.hl.chinamobile.com', port=80): Max retries exceeded with url: /PLTV/88888888/224/3221225994/index.m3u8 (Caused by ConnectTimeoutError(<HTTPConnection(host='ottrrs.hl.chinamobile.com', port=80) at 0x7fa4d83b1040>, 'Connection to ottrrs.hl.chinamobile.com timed out. (connect timeout=3.05)')) | 域名: ottrrs.hl.chinamobile.com:80
[2026-05-29 12:56:55] ⚠️ 仅读取 0.0KB 数据: http://liveflash.sxrtv.com/live/huanghe.m3u8?sub_m3u8=true&edge_slice=true
[2026-05-29 12:56:55] ⚠️ 速度不足: http://liveflash.sxrtv.com/live/huanghe.m3u8?sub_m3u8=true&edge_slice=true
   速度: 0.00KB/s <= 50KB/s | 数据量: 0.0KB | 总耗时: 1.83s
[2026-05-29 12:56:56] ⚠️ 仅读取 0.0KB 数据: http://play-live-hls.jxtvcn.com.cn/live/tv_ganzhou.m3u8
[2026-05-29 12:56:56] ⚠️ 速度不足: http://play-live-hls.jxtvcn.com.cn/live/tv_ganzhou.m3u8
   速度: 0.00KB/s <= 50KB/s | 数据量: 0.0KB | 总耗时: 1.49s
[2026-05-29 12:56:58] ⚠️ 仅读取 0.5KB 数据: http://txmov2.a.kwimgs.com/bs3/video-hls/5207287136834522947_hlshd15.m3u8
[2026-05-29 12:56:58] ✅ 测速成功: http://txmov2.a.kwimgs.com/bs3/video-hls/5207287136834522947_hlshd15.m3u8
   速度: 457.03KB/s > 50KB/s | 数据量: 0.5KB | 总耗时: 1.14s
[2026-05-29 12:57:00] ⚠️ 仅读取 0.4KB 数据: https://svipsvip.ffzyread1.com/20250129/35458_c988286f/index.m3u8
[2026-05-29 12:57:00] ✅ 测速成功: https://svipsvip.ffzyread1.com/20250129/35458_c988286f/index.m3u8
   速度: 397.46KB/s > 50KB/s | 数据量: 0.4KB | 总耗时: 2.57s
[2026-05-29 12:57:00] ⚠️ 仅读取 1.1KB 数据: http://fl2.moveonjoy.com/BBC_WORLD_NEWS/index.m3u8
[2026-05-29 12:57:00] ✅ 测速成功: http://fl2.moveonjoy.com/BBC_WORLD_NEWS/index.m3u8
   速度: 1120.12KB/s > 50KB/s | 数据量: 1.1KB | 总耗时: 0.13s
[2026-05-29 12:57:00] ⚠️ 仅读取 0.5KB 数据: https://d2e1asnsl7br7b.cloudfront.net/7782e205e72f43aeb4a48ec97f66ebbe/index_5.m3u8
[2026-05-29 12:57:00] ✅ 测速成功: https://d2e1asnsl7br7b.cloudfront.net/7782e205e72f43aeb4a48ec97f66ebbe/index_5.m3u8
   速度: 546.88KB/s > 50KB/s | 数据量: 0.5KB | 总耗时: 0.08s
[2026-05-29 12:57:01] ⚠️ 仅读取 0.1KB 数据: https://jmp2.uk/sam-GBBD8000016N.m3u8
[2026-05-29 12:57:01] ✅ 测速成功: https://jmp2.uk/sam-GBBD8000016N.m3u8
   速度: 142.58KB/s > 50KB/s | 数据量: 0.1KB | 总耗时: 0.96s
[2026-05-29 12:57:02] ⚠️ 仅读取 1.8KB 数据: https://dbrb49pjoymg4.cloudfront.net/v1/master/3fec3e5cac39a52b2132f9c66c83dae043dc17d4/prod_default_xumo-ams-aws/master.m3u8?ads.xumo_channelId=99991276
[2026-05-29 12:57:02] ✅ 测速成功: https://dbrb49pjoymg4.cloudfront.net/v1/master/3fec3e5cac39a52b2132f9c66c83dae043dc17d4/prod_default_xumo-ams-aws/master.m3u8?ads.xumo_channelId=99991276
   速度: 1806.64KB/s > 50KB/s | 数据量: 1.8KB | 总耗时: 0.21s
[2026-05-29 12:57:02] ⚠️ 仅读取 2.2KB 数据: https://d4ybyqrhce41r.cloudfront.net/v1/master/3fec3e5cac39a52b2132f9c66c83dae043dc17d4/prod-xumo-linear-nbcu-hlsv3/master.m3u8?ads.channelId=99991626
[2026-05-29 12:57:02] ✅ 测速成功: https://d4ybyqrhce41r.cloudfront.net/v1/master/3fec3e5cac39a52b2132f9c66c83dae043dc17d4/prod-xumo-linear-nbcu-hlsv3/master.m3u8?ads.channelId=99991626
   速度: 2154.30KB/s > 50KB/s | 数据量: 2.2KB | 总耗时: 0.30s
[2026-05-29 12:57:03] ⚠️ 仅读取 0.7KB 数据: https://d7x8z4yuq42qn.cloudfront.net/index_7.m3u8
[2026-05-29 12:57:03] ✅ 测速成功: https://d7x8z4yuq42qn.cloudfront.net/index_7.m3u8
   速度: 710.94KB/s > 50KB/s | 数据量: 0.7KB | 总耗时: 0.82s
[2026-05-29 12:57:03] ❌ 测速失败: https://nhkwlive-ojp.akamaized.net/hls/live/2003459/nhkwlive-ojp-en/index.m3u8
   错误: HTTPSConnectionPool(host='nhkwlive-ojp.akamaized.net', port=443): Max retries exceeded with url: /hls/live/2003459/nhkwlive-ojp-en/index.m3u8 (Caused by NameResolutionError("HTTPSConnection(host='nhkwlive-ojp.akamaized.net', port=443): Failed to resolve 'nhkwlive-ojp.akamaized.net' ([Errno -2] Name or service not known)")) | 域名: nhkwlive-ojp.akamaized.net:443
[2026-05-29 12:57:03] ⚠️ 仅读取 0.1KB 数据: https://i.mjh.nz/SamsungTVPlus/USBB52000022Q.m3u8
[2026-05-29 12:57:03] ✅ 测速成功: https://i.mjh.nz/SamsungTVPlus/USBB52000022Q.m3u8
   速度: 142.58KB/s > 50KB/s | 数据量: 0.1KB | 总耗时: 0.82s
[2026-05-29 12:57:04] ❌ 测速失败: http://live-hls-web-aje.getaj.net/AJE/01.m3u8
   错误: HTTPConnectionPool(host='live-hls-web-aje.getaj.net', port=80): Max retries exceeded with url: /AJE/01.m3u8 (Caused by NameResolutionError("HTTPConnection(host='live-hls-web-aje.getaj.net', port=80): Failed to resolve 'live-hls-web-aje.getaj.net' ([Errno -2] Name or service not known)")) | 域名: live-hls-web-aje.getaj.net:80
[2026-05-29 12:57:05] ⚠️ 仅读取 0.3KB 数据: https://amdlive-ch01-ctnd-com.akamaized.net/arirang_1ch/smil:arirang_1ch.smil/chunklist_b3256000_sleng.m3u8
[2026-05-29 12:57:05] ✅ 测速成功: https://amdlive-ch01-ctnd-com.akamaized.net/arirang_1ch/smil:arirang_1ch.smil/chunklist_b3256000_sleng.m3u8
   速度: 271.48KB/s > 50KB/s | 数据量: 0.3KB | 总耗时: 1.16s
[2026-05-29 12:57:05] ❌ 测速失败: https://n24-cdn-live.ntv.co.jp/ch01/index_high.m3u8
   错误: HTTPSConnectionPool(host='n24-cdn-live.ntv.co.jp', port=443): Max retries exceeded with url: /ch01/index_high.m3u8 (Caused by NameResolutionError("HTTPSConnection(host='n24-cdn-live.ntv.co.jp', port=443): Failed to resolve 'n24-cdn-live.ntv.co.jp' ([Errno -2] Name or service not known)")) | 域名: n24-cdn-live.ntv.co.jp:443
[2026-05-29 12:57:06] ❌ 测速失败: https://tv-trtworld.live.trt.com.tr/master_1080.m3u8
   错误: HTTPSConnectionPool(host='tv-trtworld.live.trt.com.tr', port=443): Max retries exceeded with url: /master_1080.m3u8 (Caused by SSLError(SSLError(1, '[SSL: SSLV3_ALERT_HANDSHAKE_FAILURE] sslv3 alert handshake failure (_ssl.c:1147)'))) | 域名: tv-trtworld.live.trt.com.tr:443
[2026-05-29 12:57:06] ⚠️ 仅读取 0.5KB 数据: https://dikcfc9915kp8.cloudfront.net/hls/1080p/playlist.m3u8
[2026-05-29 12:57:06] ✅ 测速成功: https://dikcfc9915kp8.cloudfront.net/hls/1080p/playlist.m3u8
   速度: 495.12KB/s > 50KB/s | 数据量: 0.5KB | 总耗时: 0.54s
[2026-05-29 12:57:06] ⚠️ 仅读取 0.1KB 数据: http://91.247.68.229:8000/play/Fashion/index.m3u8
[2026-05-29 12:57:06] ✅ 测速成功: http://91.247.68.229:8000/play/Fashion/index.m3u8
   速度: 115.23KB/s > 50KB/s | 数据量: 0.1KB | 总耗时: 0.28s
[2026-05-29 12:57:07] ⚠️ 仅读取 0.5KB 数据: https://lightning-tracesport-samsungau.amagi.tv/playlist1080p.m3u8
[2026-05-29 12:57:07] ✅ 测速成功: https://lightning-tracesport-samsungau.amagi.tv/playlist1080p.m3u8
   速度: 525.39KB/s > 50KB/s | 数据量: 0.5KB | 总耗时: 0.43s
[2026-05-29 12:57:08] ✅ 测速成功: https://rt-glb.rttv.com/dvr/rtnews/playlist_4500Kb.m3u8
   速度: 60282.98KB/s > 50KB/s | 数据量: 104.0KB | 总耗时: 0.97s
[2026-05-29 12:57:09] ✅ 测速成功: https://rt-esp.rttv.com/dvr/rtesp/playlist_4500Kb.m3u8
   速度: 46883.88KB/s > 50KB/s | 数据量: 104.0KB | 总耗时: 1.13s
[2026-05-29 12:57:10] ✅ 测速成功: https://rt-fra.rttv.com/dvr/rtfrance/playlist_4500Kb.m3u8
   速度: 59162.84KB/s > 50KB/s | 数据量: 104.0KB | 总耗时: 0.84s
[2026-05-29 12:57:11] ✅ 测速成功: https://rt-arb.rttv.com/dvr/rtarab/playlist_4500Kb.m3u8
   速度: 53397.92KB/s > 50KB/s | 数据量: 104.0KB | 总耗时: 1.54s
[2026-05-29 12:57:12] ✅ 测速成功: https://rt-ger.rttv.com/dvr/rtdeutsch/playlist_4500Kb.m3u8
   速度: 62262.01KB/s > 50KB/s | 数据量: 104.0KB | 总耗时: 0.85s
[2026-05-29 12:57:13] ✅ 测速成功: https://rt-srb.rttv.com/dvr/rtbalkan/playlist_4500Kb.m3u8
   速度: 54580.53KB/s > 50KB/s | 数据量: 104.0KB | 总耗时: 0.81s
[2026-05-29 12:57:14] ✅ 测速成功: https://rt-rtd.rttv.com/dvr/rtdoc/playlist_4500Kb.m3u8
   速度: 69195.37KB/s > 50KB/s | 数据量: 104.0KB | 总耗时: 0.83s
[2026-05-29 12:57:15] ✅ 测速成功: https://rt-doc.rttv.com/dvr/rtdru/rtdru1080.m3u8
   速度: 32046.38KB/s > 50KB/s | 数据量: 101.2KB | 总耗时: 0.95s
[2026-05-29 12:57:15] ⚠️ 仅读取 0.3KB 数据: https://kbsworld-ott.akamaized.net/hls/live/2002341/kbsworld/master.m3u8
[2026-05-29 12:57:15] ✅ 测速成功: https://kbsworld-ott.akamaized.net/hls/live/2002341/kbsworld/master.m3u8
   速度: 304.69KB/s > 50KB/s | 数据量: 0.3KB | 总耗时: 0.06s
[2026-05-29 12:57:15] ⚠️ 仅读取 0.8KB 数据: http://nmxlive.akamaized.net/hls/live/529965/Live_1/index.m3u8
[2026-05-29 12:57:15] ✅ 测速成功: http://nmxlive.akamaized.net/hls/live/529965/Live_1/index.m3u8
   速度: 802.73KB/s > 50KB/s | 数据量: 0.8KB | 总耗时: 0.04s
[2026-05-29 12:57:15] ❌ 测速失败: http://dminnvll.cdn.mangomolo.com/dubaione/smil:dubaione.stream.smil/chunklist_b1800000.m3u8
   错误: HTTPConnectionPool(host='dminnvll.cdn.mangomolo.com', port=80): Max retries exceeded with url: /dubaione/smil:dubaione.stream.smil/chunklist_b1800000.m3u8 (Caused by NameResolutionError("HTTPConnection(host='dminnvll.cdn.mangomolo.com', port=80): Failed to resolve 'dminnvll.cdn.mangomolo.com' ([Errno -2] Name or service not known)")) | 域名: dminnvll.cdn.mangomolo.com:80
[2026-05-29 12:57:15] ❌ 测速失败: http://143.244.60.30/TBS/index.m3u8
   错误: HTTPConnectionPool(host='143.244.60.30', port=80): Max retries exceeded with url: /TBS/index.m3u8 (Caused by NewConnectionError("HTTPConnection(host='143.244.60.30', port=80): Failed to establish a new connection: [Errno 111] Connection refused")) | 域名: 143.244.60.30:80
[2026-05-29 12:57:15] ❌ 测速失败: https://d18dyiwu97wm6q.cloudfront.net/playlist2160p.m3u8
   错误: HTTPSConnectionPool(host='d18dyiwu97wm6q.cloudfront.net', port=443): Max retries exceeded with url: /playlist2160p.m3u8 (Caused by NameResolutionError("HTTPSConnection(host='d18dyiwu97wm6q.cloudfront.net', port=443): Failed to resolve 'd18dyiwu97wm6q.cloudfront.net' ([Errno -5] No address associated with hostname)")) | 域名: d18dyiwu97wm6q.cloudfront.net:443
[2026-05-29 12:57:16] ⚠️ 仅读取 0.2KB 数据: https://d12a2vxqkkh1bo.cloudfront.net/hls/1080p/playlist.m3u8
[2026-05-29 12:57:16] ✅ 测速成功: https://d12a2vxqkkh1bo.cloudfront.net/hls/1080p/playlist.m3u8
   速度: 158.20KB/s > 50KB/s | 数据量: 0.2KB | 总耗时: 0.26s
[2026-05-29 12:57:16] ⚠️ 仅读取 1.1KB 数据: https://wildearth-plex.amagi.tv/masterR1080p.m3u8
[2026-05-29 12:57:16] ✅ 测速成功: https://wildearth-plex.amagi.tv/masterR1080p.m3u8
   速度: 1089.84KB/s > 50KB/s | 数据量: 1.1KB | 总耗时: 0.34s
